2017-07-12 09:39:12,449 - INFO - Beginning execution of dms_barcodedsubamplicons in directory /Users/angelaphillips/Desktop/HA_GIT/Hemagglutinin_3/replicate-1/DMSOB39

2017-07-12 09:39:12,449 - INFO - Progress will be logged to DMSOB39_.log
2017-07-12 09:39:13,024 - INFO - Version information for dms_tools and associated packages.
	Time and date: Wed Jul 12 09:39:12 2017
	Platform: Darwin-15.5.0-x86_64-i386-64bit
	Python version: 2.7.11 |Anaconda 2.3.0 (x86_64)| (default, Dec  6 2015, 18:57:58)  [GCC 4.2.1 (Apple Inc. build 5577)]
	dms_tools version: 1.1.14
	Bio version: 1.66
	numpy version: 1.9.2
	scipy version: 0.15.1
	matplotlib version: 1.4.3
	cython version: 0.22.1
	pystan version: 2.9.0.0
	weblogolib version: 3.4
	PyPDF2 version: 1.26.0

2017-07-12 09:39:13,025 - INFO - Parsed the following arguments:
	minreadconcurrence = 0.75
	maxmuts = 4
	maxlowqfrac = 0.075
	r1files = ['/Users/angelaphillips/Desktop/HA_GIT/Hemagglutinin_3/FASTQ_files//replicate-1/DMSOB39/DMSOB39_1.fastq']
	minreadidentity = 0.9
	purgefrac = 0
	R1trimlength = 200
	R1_is_antisense = False
	r2files = ['/Users/angelaphillips/Desktop/HA_GIT/Hemagglutinin_3/FASTQ_files//replicate-1/DMSOB39/DMSOB39_2.fastq']
	alignspecs = [(1, 285, 36, 37), (286, 570, 31, 32), (571, 855, 37, 32), (856, 1140, 31, 36), (1141, 1425, 29, 33), (1426, 1698, 40, 43)]
	R2trimlength = 170
	maxreadtrim = 3
	barcodeinfo = False
	chartype = codon
	barcodelength = 8
	minreadsperbarcode = 2
	minq = 15
	outprefix = DMSOB39_
	refseq = /Users/angelaphillips/Desktop/HA_GIT/Hemagglutinin_3/WSN_HA_reference.fasta
	purgereadfrac = 0
	seed = 1

2017-07-12 09:39:13,028 - INFO - Read a reference sequence of 566 codons from /Users/angelaphillips/Desktop/HA_GIT/Hemagglutinin_3/WSN_HA_reference.fasta

2017-07-12 09:39:13,028 - INFO - Now parsing reads from the following:
	r1files: /Users/angelaphillips/Desktop/HA_GIT/Hemagglutinin_3/FASTQ_files//replicate-1/DMSOB39/DMSOB39_1.fastq
	r2files: /Users/angelaphillips/Desktop/HA_GIT/Hemagglutinin_3/FASTQ_files//replicate-1/DMSOB39/DMSOB39_2.fastq
2017-07-12 09:39:14,721 - INFO - Reads parsed so far: 100000
2017-07-12 09:39:16,470 - INFO - Reads parsed so far: 200000
2017-07-12 09:39:18,172 - INFO - Reads parsed so far: 300000
2017-07-12 09:39:19,928 - INFO - Reads parsed so far: 400000
2017-07-12 09:39:21,701 - INFO - Reads parsed so far: 500000
2017-07-12 09:39:23,342 - INFO - Reads parsed so far: 600000
2017-07-12 09:39:25,115 - INFO - Reads parsed so far: 700000
2017-07-12 09:39:26,768 - INFO - Reads parsed so far: 800000
2017-07-12 09:39:28,587 - INFO - Reads parsed so far: 900000
2017-07-12 09:39:30,284 - INFO - Reads parsed so far: 1000000
2017-07-12 09:39:31,946 - INFO - Reads parsed so far: 1100000
2017-07-12 09:39:33,824 - INFO - Reads parsed so far: 1200000
2017-07-12 09:39:35,474 - INFO - Reads parsed so far: 1300000
2017-07-12 09:39:37,174 - INFO - Reads parsed so far: 1400000
2017-07-12 09:39:38,829 - INFO - Reads parsed so far: 1500000
2017-07-12 09:39:40,796 - INFO - Reads parsed so far: 1600000
2017-07-12 09:39:42,446 - INFO - Reads parsed so far: 1700000
2017-07-12 09:39:44,103 - INFO - Reads parsed so far: 1800000
2017-07-12 09:39:45,760 - INFO - Reads parsed so far: 1900000
2017-07-12 09:39:47,408 - INFO - Reads parsed so far: 2000000
2017-07-12 09:39:49,097 - INFO - Reads parsed so far: 2100000
2017-07-12 09:39:51,246 - INFO - Reads parsed so far: 2200000
2017-07-12 09:39:52,919 - INFO - Reads parsed so far: 2300000
2017-07-12 09:39:54,675 - INFO - Reads parsed so far: 2400000
2017-07-12 09:39:56,327 - INFO - Reads parsed so far: 2500000
2017-07-12 09:39:57,993 - INFO - Reads parsed so far: 2600000
2017-07-12 09:39:59,648 - INFO - Reads parsed so far: 2700000
2017-07-12 09:40:01,317 - INFO - Reads parsed so far: 2800000
2017-07-12 09:40:02,988 - INFO - Reads parsed so far: 2900000
2017-07-12 09:40:04,666 - INFO - Reads parsed so far: 3000000
2017-07-12 09:40:06,353 - INFO - Reads parsed so far: 3100000
2017-07-12 09:40:08,695 - INFO - Reads parsed so far: 3200000
2017-07-12 09:40:10,352 - INFO - Reads parsed so far: 3300000
2017-07-12 09:40:12,011 - INFO - Reads parsed so far: 3400000
2017-07-12 09:40:13,671 - INFO - Reads parsed so far: 3500000
2017-07-12 09:40:15,351 - INFO - Reads parsed so far: 3600000
2017-07-12 09:40:17,023 - INFO - Reads parsed so far: 3700000
2017-07-12 09:40:18,713 - INFO - Reads parsed so far: 3800000
2017-07-12 09:40:20,390 - INFO - Reads parsed so far: 3900000
2017-07-12 09:40:22,052 - INFO - Reads parsed so far: 4000000
2017-07-12 09:40:23,707 - INFO - Reads parsed so far: 4100000
2017-07-12 09:40:25,373 - INFO - Reads parsed so far: 4200000
2017-07-12 09:40:27,022 - INFO - Reads parsed so far: 4300000
2017-07-12 09:40:28,678 - INFO - Reads parsed so far: 4400000
2017-07-12 09:40:30,350 - INFO - Reads parsed so far: 4500000
2017-07-12 09:40:32,004 - INFO - Reads parsed so far: 4600000
2017-07-12 09:40:33,703 - INFO - Reads parsed so far: 4700000
2017-07-12 09:40:35,365 - INFO - Reads parsed so far: 4800000
2017-07-12 09:40:37,026 - INFO - Reads parsed so far: 4900000
2017-07-12 09:40:38,678 - INFO - Reads parsed so far: 5000000
2017-07-12 09:40:40,339 - INFO - Reads parsed so far: 5100000
2017-07-12 09:40:43,057 - INFO - Reads parsed so far: 5200000
2017-07-12 09:40:44,723 - INFO - Reads parsed so far: 5300000
2017-07-12 09:40:46,388 - INFO - Reads parsed so far: 5400000
2017-07-12 09:40:46,971 - INFO - Finished parsing all 5434270 reads; ended up with 2109705 unique barcodes.

2017-07-12 09:40:46,977 - INFO - Now examining the 2109705 barcodes to see if reads meet criteria for retention
2017-07-12 09:40:50,757 - INFO - Barcodes examined so far: 100000
2017-07-12 09:40:54,413 - INFO - Barcodes examined so far: 200000
2017-07-12 09:40:58,120 - INFO - Barcodes examined so far: 300000
2017-07-12 09:41:01,819 - INFO - Barcodes examined so far: 400000
2017-07-12 09:41:05,475 - INFO - Barcodes examined so far: 500000
2017-07-12 09:41:09,170 - INFO - Barcodes examined so far: 600000
2017-07-12 09:41:12,889 - INFO - Barcodes examined so far: 700000
2017-07-12 09:41:16,612 - INFO - Barcodes examined so far: 800000
2017-07-12 09:41:20,291 - INFO - Barcodes examined so far: 900000
2017-07-12 09:41:23,951 - INFO - Barcodes examined so far: 1000000
2017-07-12 09:41:27,759 - INFO - Barcodes examined so far: 1100000
2017-07-12 09:41:31,563 - INFO - Barcodes examined so far: 1200000
2017-07-12 09:41:35,316 - INFO - Barcodes examined so far: 1300000
2017-07-12 09:41:39,338 - INFO - Barcodes examined so far: 1400000
2017-07-12 09:41:43,084 - INFO - Barcodes examined so far: 1500000
2017-07-12 09:41:46,823 - INFO - Barcodes examined so far: 1600000
2017-07-12 09:41:50,618 - INFO - Barcodes examined so far: 1700000
2017-07-12 09:41:54,641 - INFO - Barcodes examined so far: 1800000
2017-07-12 09:41:58,903 - INFO - Barcodes examined so far: 1900000
2017-07-12 09:42:03,551 - INFO - Barcodes examined so far: 2000000
2017-07-12 09:42:09,416 - INFO - Barcodes examined so far: 2100000
2017-07-12 09:42:10,997 - INFO - Finished examining all 2109705 barcodes

2017-07-12 09:42:10,997 - INFO - Writing the codon counts to DMSOB39_counts.txt
2017-07-12 09:42:11,028 - INFO - Here are the summary statistics (these are also being written to DMSOB39_summarystats.txt):
	total read pairs = 5434270
	read pairs that fail Illumina filter = 0
	low quality read pairs = 479993
	barcodes randomly purged = 0
	discarded barcodes with 1 reads = 814485
	aligned barcodes with 2 reads = 447998
	discarded barcodes with 2 reads = 7225
	un-alignable barcodes with 2 reads = 38486
	aligned barcodes with 3 reads = 326664
	discarded barcodes with 3 reads = 8184
	un-alignable barcodes with 3 reads = 41311
	aligned barcodes with 4 reads = 211032
	discarded barcodes with 4 reads = 6665
	un-alignable barcodes with 4 reads = 10673
	aligned barcodes with 5 reads = 106491
	discarded barcodes with 5 reads = 4228
	un-alignable barcodes with 5 reads = 5509
	aligned barcodes with 6 reads = 46319
	discarded barcodes with 6 reads = 2185
	un-alignable barcodes with 6 reads = 2324
	aligned barcodes with 7 reads = 17798
	discarded barcodes with 7 reads = 988
	un-alignable barcodes with 7 reads = 912
	aligned barcodes with 8 reads = 6191
	discarded barcodes with 8 reads = 395
	un-alignable barcodes with 8 reads = 349
	aligned barcodes with 9 reads = 2066
	discarded barcodes with 9 reads = 155
	un-alignable barcodes with 9 reads = 126
	aligned barcodes with 10 reads = 607
	discarded barcodes with 10 reads = 54
	un-alignable barcodes with 10 reads = 20
	aligned barcodes with 11 reads = 169
	discarded barcodes with 11 reads = 21
	un-alignable barcodes with 11 reads = 5
	aligned barcodes with 12 reads = 44
	discarded barcodes with 12 reads = 4
	un-alignable barcodes with 12 reads = 2
	aligned barcodes with 13 reads = 10
	discarded barcodes with 13 reads = 5
	un-alignable barcodes with 13 reads = 1
	aligned barcodes with 14 reads = 1
	discarded barcodes with 14 reads = 2
	aligned barcodes with 15 reads = 1
2017-07-12 09:42:11,029 - INFO - Successful completion of dms_barcodedsubamplicons at Wed Jul 12 09:42:11 2017
