2017-07-12 09:52:12,488 - INFO - Beginning execution of dms_barcodedsubamplicons in directory /Users/angelaphillips/Desktop/HA_GIT/Hemagglutinin_3/replicate-2/DAX37

2017-07-12 09:52:12,488 - INFO - Progress will be logged to DAX37_.log
2017-07-12 09:52:13,063 - INFO - Version information for dms_tools and associated packages.
	Time and date: Wed Jul 12 09:52:12 2017
	Platform: Darwin-15.5.0-x86_64-i386-64bit
	Python version: 2.7.11 |Anaconda 2.3.0 (x86_64)| (default, Dec  6 2015, 18:57:58)  [GCC 4.2.1 (Apple Inc. build 5577)]
	dms_tools version: 1.1.14
	Bio version: 1.66
	numpy version: 1.9.2
	scipy version: 0.15.1
	matplotlib version: 1.4.3
	cython version: 0.22.1
	pystan version: 2.9.0.0
	weblogolib version: 3.4
	PyPDF2 version: 1.26.0

2017-07-12 09:52:13,063 - INFO - Parsed the following arguments:
	minreadconcurrence = 0.75
	maxmuts = 4
	maxlowqfrac = 0.075
	r1files = ['/Users/angelaphillips/Desktop/HA_GIT/Hemagglutinin_3/FASTQ_files//replicate-2/DAX37/DAX37_1.fastq']
	minreadidentity = 0.9
	purgefrac = 0
	R1trimlength = 200
	R1_is_antisense = False
	r2files = ['/Users/angelaphillips/Desktop/HA_GIT/Hemagglutinin_3/FASTQ_files//replicate-2/DAX37/DAX37_2.fastq']
	alignspecs = [(1, 285, 36, 37), (286, 570, 31, 32), (571, 855, 37, 32), (856, 1140, 31, 36), (1141, 1425, 29, 33), (1426, 1698, 40, 43)]
	R2trimlength = 170
	maxreadtrim = 3
	barcodeinfo = False
	chartype = codon
	barcodelength = 8
	minreadsperbarcode = 2
	minq = 15
	outprefix = DAX37_
	refseq = /Users/angelaphillips/Desktop/HA_GIT/Hemagglutinin_3/WSN_HA_reference.fasta
	purgereadfrac = 0
	seed = 1

2017-07-12 09:52:13,066 - INFO - Read a reference sequence of 566 codons from /Users/angelaphillips/Desktop/HA_GIT/Hemagglutinin_3/WSN_HA_reference.fasta

2017-07-12 09:52:13,066 - INFO - Now parsing reads from the following:
	r1files: /Users/angelaphillips/Desktop/HA_GIT/Hemagglutinin_3/FASTQ_files//replicate-2/DAX37/DAX37_1.fastq
	r2files: /Users/angelaphillips/Desktop/HA_GIT/Hemagglutinin_3/FASTQ_files//replicate-2/DAX37/DAX37_2.fastq
2017-07-12 09:52:14,787 - INFO - Reads parsed so far: 100000
2017-07-12 09:52:16,521 - INFO - Reads parsed so far: 200000
2017-07-12 09:52:18,215 - INFO - Reads parsed so far: 300000
2017-07-12 09:52:19,931 - INFO - Reads parsed so far: 400000
2017-07-12 09:52:21,703 - INFO - Reads parsed so far: 500000
2017-07-12 09:52:23,355 - INFO - Reads parsed so far: 600000
2017-07-12 09:52:25,155 - INFO - Reads parsed so far: 700000
2017-07-12 09:52:26,804 - INFO - Reads parsed so far: 800000
2017-07-12 09:52:28,484 - INFO - Reads parsed so far: 900000
2017-07-12 09:52:30,331 - INFO - Reads parsed so far: 1000000
2017-07-12 09:52:32,029 - INFO - Reads parsed so far: 1100000
2017-07-12 09:52:33,673 - INFO - Reads parsed so far: 1200000
2017-07-12 09:52:35,330 - INFO - Reads parsed so far: 1300000
2017-07-12 09:52:37,269 - INFO - Reads parsed so far: 1400000
2017-07-12 09:52:38,939 - INFO - Reads parsed so far: 1500000
2017-07-12 09:52:40,575 - INFO - Reads parsed so far: 1600000
2017-07-12 09:52:42,271 - INFO - Reads parsed so far: 1700000
2017-07-12 09:52:43,924 - INFO - Reads parsed so far: 1800000
2017-07-12 09:52:45,577 - INFO - Reads parsed so far: 1900000
2017-07-12 09:52:47,244 - INFO - Reads parsed so far: 2000000
2017-07-12 09:52:49,318 - INFO - Reads parsed so far: 2100000
2017-07-12 09:52:50,980 - INFO - Reads parsed so far: 2200000
2017-07-12 09:52:52,642 - INFO - Reads parsed so far: 2300000
2017-07-12 09:52:54,309 - INFO - Reads parsed so far: 2400000
2017-07-12 09:52:55,990 - INFO - Reads parsed so far: 2500000
2017-07-12 09:52:57,657 - INFO - Reads parsed so far: 2600000
2017-07-12 09:52:59,307 - INFO - Reads parsed so far: 2700000
2017-07-12 09:53:00,950 - INFO - Reads parsed so far: 2800000
2017-07-12 09:53:02,606 - INFO - Reads parsed so far: 2900000
2017-07-12 09:53:04,263 - INFO - Reads parsed so far: 3000000
2017-07-12 09:53:05,921 - INFO - Reads parsed so far: 3100000
2017-07-12 09:53:07,639 - INFO - Reads parsed so far: 3200000
2017-07-12 09:53:09,322 - INFO - Reads parsed so far: 3300000
2017-07-12 09:53:11,677 - INFO - Reads parsed so far: 3400000
2017-07-12 09:53:13,365 - INFO - Reads parsed so far: 3500000
2017-07-12 09:53:15,037 - INFO - Reads parsed so far: 3600000
2017-07-12 09:53:16,691 - INFO - Reads parsed so far: 3700000
2017-07-12 09:53:18,345 - INFO - Reads parsed so far: 3800000
2017-07-12 09:53:20,001 - INFO - Reads parsed so far: 3900000
2017-07-12 09:53:21,755 - INFO - Reads parsed so far: 4000000
2017-07-12 09:53:23,424 - INFO - Reads parsed so far: 4100000
2017-07-12 09:53:25,109 - INFO - Reads parsed so far: 4200000
2017-07-12 09:53:26,759 - INFO - Reads parsed so far: 4300000
2017-07-12 09:53:28,410 - INFO - Reads parsed so far: 4400000
2017-07-12 09:53:30,063 - INFO - Reads parsed so far: 4500000
2017-07-12 09:53:31,702 - INFO - Reads parsed so far: 4600000
2017-07-12 09:53:33,347 - INFO - Reads parsed so far: 4700000
2017-07-12 09:53:35,019 - INFO - Reads parsed so far: 4800000
2017-07-12 09:53:36,673 - INFO - Reads parsed so far: 4900000
2017-07-12 09:53:38,359 - INFO - Reads parsed so far: 5000000
2017-07-12 09:53:40,006 - INFO - Reads parsed so far: 5100000
2017-07-12 09:53:41,649 - INFO - Reads parsed so far: 5200000
2017-07-12 09:53:43,292 - INFO - Reads parsed so far: 5300000
2017-07-12 09:53:44,915 - INFO - Reads parsed so far: 5400000
2017-07-12 09:53:46,559 - INFO - Reads parsed so far: 5500000
2017-07-12 09:53:48,202 - INFO - Reads parsed so far: 5600000
2017-07-12 09:53:49,853 - INFO - Reads parsed so far: 5700000
2017-07-12 09:53:51,519 - INFO - Reads parsed so far: 5800000
2017-07-12 09:53:53,168 - INFO - Reads parsed so far: 5900000
2017-07-12 09:53:54,808 - INFO - Reads parsed so far: 6000000
2017-07-12 09:53:56,441 - INFO - Reads parsed so far: 6100000
2017-07-12 09:53:58,081 - INFO - Reads parsed so far: 6200000
2017-07-12 09:53:59,720 - INFO - Reads parsed so far: 6300000
2017-07-12 09:54:01,354 - INFO - Reads parsed so far: 6400000
2017-07-12 09:54:03,003 - INFO - Reads parsed so far: 6500000
2017-07-12 09:54:04,635 - INFO - Reads parsed so far: 6600000
2017-07-12 09:54:06,326 - INFO - Reads parsed so far: 6700000
2017-07-12 09:54:07,970 - INFO - Reads parsed so far: 6800000
2017-07-12 09:54:09,604 - INFO - Reads parsed so far: 6900000
2017-07-12 09:54:11,243 - INFO - Reads parsed so far: 7000000
2017-07-12 09:54:12,891 - INFO - Reads parsed so far: 7100000
2017-07-12 09:54:14,525 - INFO - Reads parsed so far: 7200000
2017-07-12 09:54:16,148 - INFO - Reads parsed so far: 7300000
2017-07-12 09:54:19,024 - INFO - Reads parsed so far: 7400000
2017-07-12 09:54:20,691 - INFO - Reads parsed so far: 7500000
2017-07-12 09:54:21,771 - INFO - Finished parsing all 7566908 reads; ended up with 1682861 unique barcodes.

2017-07-12 09:54:21,777 - INFO - Now examining the 1682861 barcodes to see if reads meet criteria for retention
2017-07-12 09:54:26,404 - INFO - Barcodes examined so far: 100000
2017-07-12 09:54:30,926 - INFO - Barcodes examined so far: 200000
2017-07-12 09:54:35,475 - INFO - Barcodes examined so far: 300000
2017-07-12 09:54:40,002 - INFO - Barcodes examined so far: 400000
2017-07-12 09:54:44,499 - INFO - Barcodes examined so far: 500000
2017-07-12 09:54:49,028 - INFO - Barcodes examined so far: 600000
2017-07-12 09:54:53,516 - INFO - Barcodes examined so far: 700000
2017-07-12 09:54:57,988 - INFO - Barcodes examined so far: 800000
2017-07-12 09:55:02,550 - INFO - Barcodes examined so far: 900000
2017-07-12 09:55:07,108 - INFO - Barcodes examined so far: 1000000
2017-07-12 09:55:11,634 - INFO - Barcodes examined so far: 1100000
2017-07-12 09:55:16,225 - INFO - Barcodes examined so far: 1200000
2017-07-12 09:55:20,807 - INFO - Barcodes examined so far: 1300000
2017-07-12 09:55:25,718 - INFO - Barcodes examined so far: 1400000
2017-07-12 09:55:31,315 - INFO - Barcodes examined so far: 1500000
2017-07-12 09:55:37,799 - INFO - Barcodes examined so far: 1600000
2017-07-12 09:55:46,842 - INFO - Finished examining all 1682861 barcodes

2017-07-12 09:55:46,843 - INFO - Writing the codon counts to DAX37_counts.txt
2017-07-12 09:55:46,874 - INFO - Here are the summary statistics (these are also being written to DAX37_summarystats.txt):
	total read pairs = 7566908
	read pairs that fail Illumina filter = 0
	low quality read pairs = 635188
	barcodes randomly purged = 0
	discarded barcodes with 1 reads = 474070
	aligned barcodes with 2 reads = 113828
	discarded barcodes with 2 reads = 2112
	un-alignable barcodes with 2 reads = 11187
	aligned barcodes with 3 reads = 147982
	discarded barcodes with 3 reads = 3829
	un-alignable barcodes with 3 reads = 19502
	aligned barcodes with 4 reads = 183623
	discarded barcodes with 4 reads = 5910
	un-alignable barcodes with 4 reads = 9634
	aligned barcodes with 5 reads = 179978
	discarded barcodes with 5 reads = 7165
	un-alignable barcodes with 5 reads = 9171
	aligned barcodes with 6 reads = 153946
	discarded barcodes with 6 reads = 7361
	un-alignable barcodes with 6 reads = 7928
	aligned barcodes with 7 reads = 117171
	discarded barcodes with 7 reads = 6367
	un-alignable barcodes with 7 reads = 6015
	aligned barcodes with 8 reads = 81612
	discarded barcodes with 8 reads = 4942
	un-alignable barcodes with 8 reads = 4120
	aligned barcodes with 9 reads = 51374
	discarded barcodes with 9 reads = 3488
	un-alignable barcodes with 9 reads = 2541
	aligned barcodes with 10 reads = 29315
	discarded barcodes with 10 reads = 2222
	un-alignable barcodes with 10 reads = 1488
	aligned barcodes with 11 reads = 15794
	discarded barcodes with 11 reads = 1234
	un-alignable barcodes with 11 reads = 800
	aligned barcodes with 12 reads = 7994
	discarded barcodes with 12 reads = 739
	un-alignable barcodes with 12 reads = 369
	aligned barcodes with 13 reads = 3894
	discarded barcodes with 13 reads = 386
	un-alignable barcodes with 13 reads = 199
	aligned barcodes with 14 reads = 1650
	discarded barcodes with 14 reads = 198
	un-alignable barcodes with 14 reads = 67
	aligned barcodes with 15 reads = 748
	discarded barcodes with 15 reads = 92
	un-alignable barcodes with 15 reads = 40
	aligned barcodes with 16 reads = 353
	discarded barcodes with 16 reads = 51
	un-alignable barcodes with 16 reads = 23
	aligned barcodes with 17 reads = 154
	discarded barcodes with 17 reads = 29
	un-alignable barcodes with 17 reads = 5
	aligned barcodes with 18 reads = 54
	discarded barcodes with 18 reads = 9
	un-alignable barcodes with 18 reads = 6
	aligned barcodes with 19 reads = 37
	discarded barcodes with 19 reads = 8
	un-alignable barcodes with 19 reads = 2
	aligned barcodes with 20 reads = 21
	discarded barcodes with 20 reads = 2
	un-alignable barcodes with 20 reads = 1
	aligned barcodes with 21 reads = 9
	discarded barcodes with 21 reads = 2
	un-alignable barcodes with 21 reads = 1
	aligned barcodes with 22 reads = 4
	discarded barcodes with 22 reads = 1
	aligned barcodes with 23 reads = 1
	discarded barcodes with 23 reads = 1
	aligned barcodes with 24 reads = 1
	aligned barcodes with 25 reads = 1
2017-07-12 09:55:46,875 - INFO - Successful completion of dms_barcodedsubamplicons at Wed Jul 12 09:55:46 2017
