2017-07-12 10:07:12,527 - INFO - Beginning execution of dms_barcodedsubamplicons in directory /Users/angelaphillips/Desktop/HA_GIT/Hemagglutinin_3/replicate-2/DAX39

2017-07-12 10:07:12,527 - INFO - Progress will be logged to DAX39_.log
2017-07-12 10:07:13,122 - INFO - Version information for dms_tools and associated packages.
	Time and date: Wed Jul 12 10:07:12 2017
	Platform: Darwin-15.5.0-x86_64-i386-64bit
	Python version: 2.7.11 |Anaconda 2.3.0 (x86_64)| (default, Dec  6 2015, 18:57:58)  [GCC 4.2.1 (Apple Inc. build 5577)]
	dms_tools version: 1.1.14
	Bio version: 1.66
	numpy version: 1.9.2
	scipy version: 0.15.1
	matplotlib version: 1.4.3
	cython version: 0.22.1
	pystan version: 2.9.0.0
	weblogolib version: 3.4
	PyPDF2 version: 1.26.0

2017-07-12 10:07:13,122 - INFO - Parsed the following arguments:
	minreadconcurrence = 0.75
	maxmuts = 4
	maxlowqfrac = 0.075
	r1files = ['/Users/angelaphillips/Desktop/HA_GIT/Hemagglutinin_3/FASTQ_files//replicate-2/DAX39/DAX39_1.fastq']
	minreadidentity = 0.9
	purgefrac = 0
	R1trimlength = 200
	R1_is_antisense = False
	r2files = ['/Users/angelaphillips/Desktop/HA_GIT/Hemagglutinin_3/FASTQ_files//replicate-2/DAX39/DAX39_2.fastq']
	alignspecs = [(1, 285, 36, 37), (286, 570, 31, 32), (571, 855, 37, 32), (856, 1140, 31, 36), (1141, 1425, 29, 33), (1426, 1698, 40, 43)]
	R2trimlength = 170
	maxreadtrim = 3
	barcodeinfo = False
	chartype = codon
	barcodelength = 8
	minreadsperbarcode = 2
	minq = 15
	outprefix = DAX39_
	refseq = /Users/angelaphillips/Desktop/HA_GIT/Hemagglutinin_3/WSN_HA_reference.fasta
	purgereadfrac = 0
	seed = 1

2017-07-12 10:07:13,125 - INFO - Read a reference sequence of 566 codons from /Users/angelaphillips/Desktop/HA_GIT/Hemagglutinin_3/WSN_HA_reference.fasta

2017-07-12 10:07:13,125 - INFO - Now parsing reads from the following:
	r1files: /Users/angelaphillips/Desktop/HA_GIT/Hemagglutinin_3/FASTQ_files//replicate-2/DAX39/DAX39_1.fastq
	r2files: /Users/angelaphillips/Desktop/HA_GIT/Hemagglutinin_3/FASTQ_files//replicate-2/DAX39/DAX39_2.fastq
2017-07-12 10:07:14,802 - INFO - Reads parsed so far: 100000
2017-07-12 10:07:16,512 - INFO - Reads parsed so far: 200000
2017-07-12 10:07:18,192 - INFO - Reads parsed so far: 300000
2017-07-12 10:07:19,892 - INFO - Reads parsed so far: 400000
2017-07-12 10:07:21,651 - INFO - Reads parsed so far: 500000
2017-07-12 10:07:23,280 - INFO - Reads parsed so far: 600000
2017-07-12 10:07:25,062 - INFO - Reads parsed so far: 700000
2017-07-12 10:07:26,705 - INFO - Reads parsed so far: 800000
2017-07-12 10:07:28,535 - INFO - Reads parsed so far: 900000
2017-07-12 10:07:30,227 - INFO - Reads parsed so far: 1000000
2017-07-12 10:07:31,897 - INFO - Reads parsed so far: 1100000
2017-07-12 10:07:33,802 - INFO - Reads parsed so far: 1200000
2017-07-12 10:07:35,471 - INFO - Reads parsed so far: 1300000
2017-07-12 10:07:37,121 - INFO - Reads parsed so far: 1400000
2017-07-12 10:07:38,790 - INFO - Reads parsed so far: 1500000
2017-07-12 10:07:40,782 - INFO - Reads parsed so far: 1600000
2017-07-12 10:07:42,463 - INFO - Reads parsed so far: 1700000
2017-07-12 10:07:44,153 - INFO - Reads parsed so far: 1800000
2017-07-12 10:07:45,832 - INFO - Reads parsed so far: 1900000
2017-07-12 10:07:47,539 - INFO - Reads parsed so far: 2000000
2017-07-12 10:07:49,217 - INFO - Reads parsed so far: 2100000
2017-07-12 10:07:50,884 - INFO - Reads parsed so far: 2200000
2017-07-12 10:07:53,029 - INFO - Reads parsed so far: 2300000
2017-07-12 10:07:54,686 - INFO - Reads parsed so far: 2400000
2017-07-12 10:07:56,369 - INFO - Reads parsed so far: 2500000
2017-07-12 10:07:58,044 - INFO - Reads parsed so far: 2600000
2017-07-12 10:07:59,816 - INFO - Reads parsed so far: 2700000
2017-07-12 10:08:01,526 - INFO - Reads parsed so far: 2800000
2017-07-12 10:08:03,196 - INFO - Reads parsed so far: 2900000
2017-07-12 10:08:04,844 - INFO - Reads parsed so far: 3000000
2017-07-12 10:08:06,509 - INFO - Reads parsed so far: 3100000
2017-07-12 10:08:08,171 - INFO - Reads parsed so far: 3200000
2017-07-12 10:08:09,878 - INFO - Reads parsed so far: 3300000
2017-07-12 10:08:11,560 - INFO - Reads parsed so far: 3400000
2017-07-12 10:08:13,234 - INFO - Reads parsed so far: 3500000
2017-07-12 10:08:14,936 - INFO - Reads parsed so far: 3600000
2017-07-12 10:08:17,373 - INFO - Reads parsed so far: 3700000
2017-07-12 10:08:19,035 - INFO - Reads parsed so far: 3800000
2017-07-12 10:08:20,707 - INFO - Reads parsed so far: 3900000
2017-07-12 10:08:22,359 - INFO - Reads parsed so far: 4000000
2017-07-12 10:08:24,030 - INFO - Reads parsed so far: 4100000
2017-07-12 10:08:25,710 - INFO - Reads parsed so far: 4200000
2017-07-12 10:08:27,369 - INFO - Reads parsed so far: 4300000
2017-07-12 10:08:29,066 - INFO - Reads parsed so far: 4400000
2017-07-12 10:08:30,729 - INFO - Reads parsed so far: 4500000
2017-07-12 10:08:32,375 - INFO - Reads parsed so far: 4600000
2017-07-12 10:08:34,039 - INFO - Reads parsed so far: 4700000
2017-07-12 10:08:35,726 - INFO - Reads parsed so far: 4800000
2017-07-12 10:08:37,383 - INFO - Reads parsed so far: 4900000
2017-07-12 10:08:39,053 - INFO - Reads parsed so far: 5000000
2017-07-12 10:08:40,711 - INFO - Reads parsed so far: 5100000
2017-07-12 10:08:42,377 - INFO - Reads parsed so far: 5200000
2017-07-12 10:08:44,070 - INFO - Reads parsed so far: 5300000
2017-07-12 10:08:45,735 - INFO - Reads parsed so far: 5400000
2017-07-12 10:08:47,391 - INFO - Reads parsed so far: 5500000
2017-07-12 10:08:49,041 - INFO - Reads parsed so far: 5600000
2017-07-12 10:08:50,692 - INFO - Reads parsed so far: 5700000
2017-07-12 10:08:52,357 - INFO - Reads parsed so far: 5800000
2017-07-12 10:08:54,008 - INFO - Reads parsed so far: 5900000
2017-07-12 10:08:55,671 - INFO - Reads parsed so far: 6000000
2017-07-12 10:08:57,362 - INFO - Reads parsed so far: 6100000
2017-07-12 10:08:59,039 - INFO - Reads parsed so far: 6200000
2017-07-12 10:09:00,716 - INFO - Reads parsed so far: 6300000
2017-07-12 10:09:02,403 - INFO - Reads parsed so far: 6400000
2017-07-12 10:09:03,861 - INFO - Finished parsing all 6487413 reads; ended up with 2020530 unique barcodes.

2017-07-12 10:09:03,867 - INFO - Now examining the 2020530 barcodes to see if reads meet criteria for retention
2017-07-12 10:09:08,240 - INFO - Barcodes examined so far: 100000
2017-07-12 10:09:12,485 - INFO - Barcodes examined so far: 200000
2017-07-12 10:09:16,732 - INFO - Barcodes examined so far: 300000
2017-07-12 10:09:20,979 - INFO - Barcodes examined so far: 400000
2017-07-12 10:09:25,272 - INFO - Barcodes examined so far: 500000
2017-07-12 10:09:29,591 - INFO - Barcodes examined so far: 600000
2017-07-12 10:09:33,837 - INFO - Barcodes examined so far: 700000
2017-07-12 10:09:38,109 - INFO - Barcodes examined so far: 800000
2017-07-12 10:09:42,360 - INFO - Barcodes examined so far: 900000
2017-07-12 10:09:46,623 - INFO - Barcodes examined so far: 1000000
2017-07-12 10:09:50,873 - INFO - Barcodes examined so far: 1100000
2017-07-12 10:09:55,150 - INFO - Barcodes examined so far: 1200000
2017-07-12 10:09:59,449 - INFO - Barcodes examined so far: 1300000
2017-07-12 10:10:03,689 - INFO - Barcodes examined so far: 1400000
2017-07-12 10:10:07,974 - INFO - Barcodes examined so far: 1500000
2017-07-12 10:10:12,381 - INFO - Barcodes examined so far: 1600000
2017-07-12 10:10:16,977 - INFO - Barcodes examined so far: 1700000
2017-07-12 10:10:21,920 - INFO - Barcodes examined so far: 1800000
2017-07-12 10:10:27,385 - INFO - Barcodes examined so far: 1900000
2017-07-12 10:10:34,268 - INFO - Barcodes examined so far: 2000000
2017-07-12 10:10:37,276 - INFO - Finished examining all 2020530 barcodes

2017-07-12 10:10:37,276 - INFO - Writing the codon counts to DAX39_counts.txt
2017-07-12 10:10:37,307 - INFO - Here are the summary statistics (these are also being written to DAX39_summarystats.txt):
	total read pairs = 6487413
	read pairs that fail Illumina filter = 0
	low quality read pairs = 539602
	barcodes randomly purged = 0
	discarded barcodes with 1 reads = 625311
	aligned barcodes with 2 reads = 318493
	discarded barcodes with 2 reads = 5398
	un-alignable barcodes with 2 reads = 27846
	aligned barcodes with 3 reads = 305223
	discarded barcodes with 3 reads = 7994
	un-alignable barcodes with 3 reads = 39638
	aligned barcodes with 4 reads = 261631
	discarded barcodes with 4 reads = 8545
	un-alignable barcodes with 4 reads = 14023
	aligned barcodes with 5 reads = 175844
	discarded barcodes with 5 reads = 7009
	un-alignable barcodes with 5 reads = 9071
	aligned barcodes with 6 reads = 101433
	discarded barcodes with 6 reads = 4862
	un-alignable barcodes with 6 reads = 5269
	aligned barcodes with 7 reads = 52133
	discarded barcodes with 7 reads = 2911
	un-alignable barcodes with 7 reads = 2727
	aligned barcodes with 8 reads = 24107
	discarded barcodes with 8 reads = 1543
	un-alignable barcodes with 8 reads = 1282
	aligned barcodes with 9 reads = 10167
	discarded barcodes with 9 reads = 710
	un-alignable barcodes with 9 reads = 534
	aligned barcodes with 10 reads = 3828
	discarded barcodes with 10 reads = 291
	un-alignable barcodes with 10 reads = 207
	aligned barcodes with 11 reads = 1387
	discarded barcodes with 11 reads = 135
	un-alignable barcodes with 11 reads = 63
	aligned barcodes with 12 reads = 522
	discarded barcodes with 12 reads = 66
	un-alignable barcodes with 12 reads = 26
	aligned barcodes with 13 reads = 166
	discarded barcodes with 13 reads = 31
	un-alignable barcodes with 13 reads = 9
	aligned barcodes with 14 reads = 61
	discarded barcodes with 14 reads = 8
	un-alignable barcodes with 14 reads = 3
	aligned barcodes with 15 reads = 11
	discarded barcodes with 15 reads = 3
	aligned barcodes with 16 reads = 4
	discarded barcodes with 16 reads = 1
	aligned barcodes with 17 reads = 1
	discarded barcodes with 17 reads = 1
	aligned barcodes with 18 reads = 1
	un-alignable barcodes with 18 reads = 1
2017-07-12 10:10:37,307 - INFO - Successful completion of dms_barcodedsubamplicons at Wed Jul 12 10:10:37 2017
