2017-07-12 10:12:12,541 - INFO - Beginning execution of dms_barcodedsubamplicons in directory /Users/angelaphillips/Desktop/HA_GIT/Hemagglutinin_3/replicate-2/XBP139

2017-07-12 10:12:12,541 - INFO - Progress will be logged to XBP139_.log
2017-07-12 10:12:13,122 - INFO - Version information for dms_tools and associated packages.
	Time and date: Wed Jul 12 10:12:12 2017
	Platform: Darwin-15.5.0-x86_64-i386-64bit
	Python version: 2.7.11 |Anaconda 2.3.0 (x86_64)| (default, Dec  6 2015, 18:57:58)  [GCC 4.2.1 (Apple Inc. build 5577)]
	dms_tools version: 1.1.14
	Bio version: 1.66
	numpy version: 1.9.2
	scipy version: 0.15.1
	matplotlib version: 1.4.3
	cython version: 0.22.1
	pystan version: 2.9.0.0
	weblogolib version: 3.4
	PyPDF2 version: 1.26.0

2017-07-12 10:12:13,122 - INFO - Parsed the following arguments:
	minreadconcurrence = 0.75
	maxmuts = 4
	maxlowqfrac = 0.075
	r1files = ['/Users/angelaphillips/Desktop/HA_GIT/Hemagglutinin_3/FASTQ_files//replicate-2/XBP139/XBP139_1.fastq']
	minreadidentity = 0.9
	purgefrac = 0
	R1trimlength = 200
	R1_is_antisense = False
	r2files = ['/Users/angelaphillips/Desktop/HA_GIT/Hemagglutinin_3/FASTQ_files//replicate-2/XBP139/XBP139_2.fastq']
	alignspecs = [(1, 285, 36, 37), (286, 570, 31, 32), (571, 855, 37, 32), (856, 1140, 31, 36), (1141, 1425, 29, 33), (1426, 1698, 40, 43)]
	R2trimlength = 170
	maxreadtrim = 3
	barcodeinfo = False
	chartype = codon
	barcodelength = 8
	minreadsperbarcode = 2
	minq = 15
	outprefix = XBP139_
	refseq = /Users/angelaphillips/Desktop/HA_GIT/Hemagglutinin_3/WSN_HA_reference.fasta
	purgereadfrac = 0
	seed = 1

2017-07-12 10:12:13,125 - INFO - Read a reference sequence of 566 codons from /Users/angelaphillips/Desktop/HA_GIT/Hemagglutinin_3/WSN_HA_reference.fasta

2017-07-12 10:12:13,125 - INFO - Now parsing reads from the following:
	r1files: /Users/angelaphillips/Desktop/HA_GIT/Hemagglutinin_3/FASTQ_files//replicate-2/XBP139/XBP139_1.fastq
	r2files: /Users/angelaphillips/Desktop/HA_GIT/Hemagglutinin_3/FASTQ_files//replicate-2/XBP139/XBP139_2.fastq
2017-07-12 10:12:14,810 - INFO - Reads parsed so far: 100000
2017-07-12 10:12:16,550 - INFO - Reads parsed so far: 200000
2017-07-12 10:12:18,236 - INFO - Reads parsed so far: 300000
2017-07-12 10:12:19,932 - INFO - Reads parsed so far: 400000
2017-07-12 10:12:21,679 - INFO - Reads parsed so far: 500000
2017-07-12 10:12:23,302 - INFO - Reads parsed so far: 600000
2017-07-12 10:12:25,061 - INFO - Reads parsed so far: 700000
2017-07-12 10:12:26,677 - INFO - Reads parsed so far: 800000
2017-07-12 10:12:28,481 - INFO - Reads parsed so far: 900000
2017-07-12 10:12:30,163 - INFO - Reads parsed so far: 1000000
2017-07-12 10:12:31,810 - INFO - Reads parsed so far: 1100000
2017-07-12 10:12:33,706 - INFO - Reads parsed so far: 1200000
2017-07-12 10:12:35,362 - INFO - Reads parsed so far: 1300000
2017-07-12 10:12:36,980 - INFO - Reads parsed so far: 1400000
2017-07-12 10:12:38,615 - INFO - Reads parsed so far: 1500000
2017-07-12 10:12:40,572 - INFO - Reads parsed so far: 1600000
2017-07-12 10:12:42,213 - INFO - Reads parsed so far: 1700000
2017-07-12 10:12:43,855 - INFO - Reads parsed so far: 1800000
2017-07-12 10:12:45,493 - INFO - Reads parsed so far: 1900000
2017-07-12 10:12:47,129 - INFO - Reads parsed so far: 2000000
2017-07-12 10:12:48,774 - INFO - Reads parsed so far: 2100000
2017-07-12 10:12:50,409 - INFO - Reads parsed so far: 2200000
2017-07-12 10:12:52,527 - INFO - Reads parsed so far: 2300000
2017-07-12 10:12:54,169 - INFO - Reads parsed so far: 2400000
2017-07-12 10:12:55,842 - INFO - Reads parsed so far: 2500000
2017-07-12 10:12:57,589 - INFO - Reads parsed so far: 2600000
2017-07-12 10:12:59,220 - INFO - Reads parsed so far: 2700000
2017-07-12 10:13:00,865 - INFO - Reads parsed so far: 2800000
2017-07-12 10:13:02,528 - INFO - Reads parsed so far: 2900000
2017-07-12 10:13:04,175 - INFO - Reads parsed so far: 3000000
2017-07-12 10:13:05,814 - INFO - Reads parsed so far: 3100000
2017-07-12 10:13:07,447 - INFO - Reads parsed so far: 3200000
2017-07-12 10:13:09,101 - INFO - Reads parsed so far: 3300000
2017-07-12 10:13:10,762 - INFO - Reads parsed so far: 3400000
2017-07-12 10:13:13,152 - INFO - Reads parsed so far: 3500000
2017-07-12 10:13:14,786 - INFO - Reads parsed so far: 3600000
2017-07-12 10:13:16,425 - INFO - Reads parsed so far: 3700000
2017-07-12 10:13:18,058 - INFO - Reads parsed so far: 3800000
2017-07-12 10:13:19,692 - INFO - Reads parsed so far: 3900000
2017-07-12 10:13:21,321 - INFO - Reads parsed so far: 4000000
2017-07-12 10:13:22,949 - INFO - Reads parsed so far: 4100000
2017-07-12 10:13:24,589 - INFO - Reads parsed so far: 4200000
2017-07-12 10:13:26,232 - INFO - Reads parsed so far: 4300000
2017-07-12 10:13:27,860 - INFO - Reads parsed so far: 4400000
2017-07-12 10:13:29,505 - INFO - Reads parsed so far: 4500000
2017-07-12 10:13:31,152 - INFO - Reads parsed so far: 4600000
2017-07-12 10:13:32,811 - INFO - Reads parsed so far: 4700000
2017-07-12 10:13:34,460 - INFO - Reads parsed so far: 4800000
2017-07-12 10:13:36,088 - INFO - Reads parsed so far: 4900000
2017-07-12 10:13:37,721 - INFO - Reads parsed so far: 5000000
2017-07-12 10:13:39,354 - INFO - Reads parsed so far: 5100000
2017-07-12 10:13:40,981 - INFO - Reads parsed so far: 5200000
2017-07-12 10:13:42,610 - INFO - Reads parsed so far: 5300000
2017-07-12 10:13:44,268 - INFO - Reads parsed so far: 5400000
2017-07-12 10:13:45,965 - INFO - Reads parsed so far: 5500000
2017-07-12 10:13:47,653 - INFO - Reads parsed so far: 5600000
2017-07-12 10:13:49,299 - INFO - Reads parsed so far: 5700000
2017-07-12 10:13:52,076 - INFO - Reads parsed so far: 5800000
2017-07-12 10:13:53,712 - INFO - Reads parsed so far: 5900000
2017-07-12 10:13:55,351 - INFO - Reads parsed so far: 6000000
2017-07-12 10:13:56,991 - INFO - Reads parsed so far: 6100000
2017-07-12 10:13:58,651 - INFO - Reads parsed so far: 6200000
2017-07-12 10:14:00,288 - INFO - Reads parsed so far: 6300000
2017-07-12 10:14:01,956 - INFO - Reads parsed so far: 6400000
2017-07-12 10:14:03,583 - INFO - Reads parsed so far: 6500000
2017-07-12 10:14:04,895 - INFO - Finished parsing all 6581355 reads; ended up with 2162713 unique barcodes.

2017-07-12 10:14:04,901 - INFO - Now examining the 2162713 barcodes to see if reads meet criteria for retention
2017-07-12 10:14:08,822 - INFO - Barcodes examined so far: 100000
2017-07-12 10:14:12,632 - INFO - Barcodes examined so far: 200000
2017-07-12 10:14:16,474 - INFO - Barcodes examined so far: 300000
2017-07-12 10:14:20,340 - INFO - Barcodes examined so far: 400000
2017-07-12 10:14:24,180 - INFO - Barcodes examined so far: 500000
2017-07-12 10:14:28,003 - INFO - Barcodes examined so far: 600000
2017-07-12 10:14:31,893 - INFO - Barcodes examined so far: 700000
2017-07-12 10:14:35,694 - INFO - Barcodes examined so far: 800000
2017-07-12 10:14:39,527 - INFO - Barcodes examined so far: 900000
2017-07-12 10:14:43,384 - INFO - Barcodes examined so far: 1000000
2017-07-12 10:14:47,191 - INFO - Barcodes examined so far: 1100000
2017-07-12 10:14:51,044 - INFO - Barcodes examined so far: 1200000
2017-07-12 10:14:54,867 - INFO - Barcodes examined so far: 1300000
2017-07-12 10:14:58,714 - INFO - Barcodes examined so far: 1400000
2017-07-12 10:15:02,570 - INFO - Barcodes examined so far: 1500000
2017-07-12 10:15:06,395 - INFO - Barcodes examined so far: 1600000
2017-07-12 10:15:10,297 - INFO - Barcodes examined so far: 1700000
2017-07-12 10:15:14,411 - INFO - Barcodes examined so far: 1800000
2017-07-12 10:15:18,845 - INFO - Barcodes examined so far: 1900000
2017-07-12 10:15:23,699 - INFO - Barcodes examined so far: 2000000
2017-07-12 10:15:29,288 - INFO - Barcodes examined so far: 2100000
2017-07-12 10:15:35,183 - INFO - Finished examining all 2162713 barcodes

2017-07-12 10:15:35,183 - INFO - Writing the codon counts to XBP139_counts.txt
2017-07-12 10:15:35,214 - INFO - Here are the summary statistics (these are also being written to XBP139_summarystats.txt):
	total read pairs = 6581355
	read pairs that fail Illumina filter = 0
	low quality read pairs = 654007
	barcodes randomly purged = 0
	discarded barcodes with 1 reads = 814840
	aligned barcodes with 2 reads = 307437
	discarded barcodes with 2 reads = 6750
	un-alignable barcodes with 2 reads = 41829
	aligned barcodes with 3 reads = 290290
	discarded barcodes with 3 reads = 7749
	un-alignable barcodes with 3 reads = 38198
	aligned barcodes with 4 reads = 247175
	discarded barcodes with 4 reads = 7978
	un-alignable barcodes with 4 reads = 12638
	aligned barcodes with 5 reads = 166447
	discarded barcodes with 5 reads = 6688
	un-alignable barcodes with 5 reads = 8326
	aligned barcodes with 6 reads = 96542
	discarded barcodes with 6 reads = 4553
	un-alignable barcodes with 6 reads = 4892
	aligned barcodes with 7 reads = 50383
	discarded barcodes with 7 reads = 2838
	un-alignable barcodes with 7 reads = 2479
	aligned barcodes with 8 reads = 23548
	discarded barcodes with 8 reads = 1482
	un-alignable barcodes with 8 reads = 1084
	aligned barcodes with 9 reads = 10042
	discarded barcodes with 9 reads = 699
	un-alignable barcodes with 9 reads = 541
	aligned barcodes with 10 reads = 4072
	discarded barcodes with 10 reads = 336
	un-alignable barcodes with 10 reads = 209
	aligned barcodes with 11 reads = 1506
	discarded barcodes with 11 reads = 139
	un-alignable barcodes with 11 reads = 60
	aligned barcodes with 12 reads = 510
	discarded barcodes with 12 reads = 65
	un-alignable barcodes with 12 reads = 26
	aligned barcodes with 13 reads = 222
	discarded barcodes with 13 reads = 18
	un-alignable barcodes with 13 reads = 8
	aligned barcodes with 14 reads = 61
	discarded barcodes with 14 reads = 4
	un-alignable barcodes with 14 reads = 8
	aligned barcodes with 15 reads = 22
	discarded barcodes with 15 reads = 3
	un-alignable barcodes with 15 reads = 1
	aligned barcodes with 16 reads = 10
	discarded barcodes with 16 reads = 1
	aligned barcodes with 18 reads = 2
	aligned barcodes with 19 reads = 1
	aligned barcodes with 20 reads = 1
2017-07-12 10:15:35,214 - INFO - Successful completion of dms_barcodedsubamplicons at Wed Jul 12 10:15:35 2017
