2017-07-12 10:44:12,676 - INFO - Beginning execution of dms_barcodedsubamplicons in directory /Users/angelaphillips/Desktop/HA_GIT/Hemagglutinin_3/replicate-3/XBP139

2017-07-12 10:44:12,676 - INFO - Progress will be logged to XBP139_.log
2017-07-12 10:44:13,365 - INFO - Version information for dms_tools and associated packages.
	Time and date: Wed Jul 12 10:44:12 2017
	Platform: Darwin-15.5.0-x86_64-i386-64bit
	Python version: 2.7.11 |Anaconda 2.3.0 (x86_64)| (default, Dec  6 2015, 18:57:58)  [GCC 4.2.1 (Apple Inc. build 5577)]
	dms_tools version: 1.1.14
	Bio version: 1.66
	numpy version: 1.9.2
	scipy version: 0.15.1
	matplotlib version: 1.4.3
	cython version: 0.22.1
	pystan version: 2.9.0.0
	weblogolib version: 3.4
	PyPDF2 version: 1.26.0

2017-07-12 10:44:13,366 - INFO - Parsed the following arguments:
	minreadconcurrence = 0.75
	maxmuts = 4
	maxlowqfrac = 0.075
	r1files = ['/Users/angelaphillips/Desktop/HA_GIT/Hemagglutinin_3/FASTQ_files//replicate-3/XBP139/XBP139_1.fastq']
	minreadidentity = 0.9
	purgefrac = 0
	R1trimlength = 200
	R1_is_antisense = False
	r2files = ['/Users/angelaphillips/Desktop/HA_GIT/Hemagglutinin_3/FASTQ_files//replicate-3/XBP139/XBP139_2.fastq']
	alignspecs = [(1, 285, 36, 37), (286, 570, 31, 32), (571, 855, 37, 32), (856, 1140, 31, 36), (1141, 1425, 29, 33), (1426, 1698, 40, 43)]
	R2trimlength = 170
	maxreadtrim = 3
	barcodeinfo = False
	chartype = codon
	barcodelength = 8
	minreadsperbarcode = 2
	minq = 15
	outprefix = XBP139_
	refseq = /Users/angelaphillips/Desktop/HA_GIT/Hemagglutinin_3/WSN_HA_reference.fasta
	purgereadfrac = 0
	seed = 1

2017-07-12 10:44:13,373 - INFO - Read a reference sequence of 566 codons from /Users/angelaphillips/Desktop/HA_GIT/Hemagglutinin_3/WSN_HA_reference.fasta

2017-07-12 10:44:13,373 - INFO - Now parsing reads from the following:
	r1files: /Users/angelaphillips/Desktop/HA_GIT/Hemagglutinin_3/FASTQ_files//replicate-3/XBP139/XBP139_1.fastq
	r2files: /Users/angelaphillips/Desktop/HA_GIT/Hemagglutinin_3/FASTQ_files//replicate-3/XBP139/XBP139_2.fastq
2017-07-12 10:44:15,062 - INFO - Reads parsed so far: 100000
2017-07-12 10:44:16,779 - INFO - Reads parsed so far: 200000
2017-07-12 10:44:18,458 - INFO - Reads parsed so far: 300000
2017-07-12 10:44:20,162 - INFO - Reads parsed so far: 400000
2017-07-12 10:44:21,925 - INFO - Reads parsed so far: 500000
2017-07-12 10:44:23,577 - INFO - Reads parsed so far: 600000
2017-07-12 10:44:25,354 - INFO - Reads parsed so far: 700000
2017-07-12 10:44:26,989 - INFO - Reads parsed so far: 800000
2017-07-12 10:44:28,800 - INFO - Reads parsed so far: 900000
2017-07-12 10:44:30,477 - INFO - Reads parsed so far: 1000000
2017-07-12 10:44:32,112 - INFO - Reads parsed so far: 1100000
2017-07-12 10:44:33,986 - INFO - Reads parsed so far: 1200000
2017-07-12 10:44:35,640 - INFO - Reads parsed so far: 1300000
2017-07-12 10:44:37,283 - INFO - Reads parsed so far: 1400000
2017-07-12 10:44:38,946 - INFO - Reads parsed so far: 1500000
2017-07-12 10:44:40,956 - INFO - Reads parsed so far: 1600000
2017-07-12 10:44:42,594 - INFO - Reads parsed so far: 1700000
2017-07-12 10:44:44,244 - INFO - Reads parsed so far: 1800000
2017-07-12 10:44:45,876 - INFO - Reads parsed so far: 1900000
2017-07-12 10:44:47,523 - INFO - Reads parsed so far: 2000000
2017-07-12 10:44:49,171 - INFO - Reads parsed so far: 2100000
2017-07-12 10:44:50,835 - INFO - Reads parsed so far: 2200000
2017-07-12 10:44:52,978 - INFO - Reads parsed so far: 2300000
2017-07-12 10:44:54,622 - INFO - Reads parsed so far: 2400000
2017-07-12 10:44:56,250 - INFO - Reads parsed so far: 2500000
2017-07-12 10:44:57,899 - INFO - Reads parsed so far: 2600000
2017-07-12 10:44:59,623 - INFO - Reads parsed so far: 2700000
2017-07-12 10:45:01,262 - INFO - Reads parsed so far: 2800000
2017-07-12 10:45:02,906 - INFO - Reads parsed so far: 2900000
2017-07-12 10:45:04,570 - INFO - Reads parsed so far: 3000000
2017-07-12 10:45:06,207 - INFO - Reads parsed so far: 3100000
2017-07-12 10:45:07,876 - INFO - Reads parsed so far: 3200000
2017-07-12 10:45:09,514 - INFO - Reads parsed so far: 3300000
2017-07-12 10:45:11,156 - INFO - Reads parsed so far: 3400000
2017-07-12 10:45:12,804 - INFO - Reads parsed so far: 3500000
2017-07-12 10:45:15,201 - INFO - Reads parsed so far: 3600000
2017-07-12 10:45:16,848 - INFO - Reads parsed so far: 3700000
2017-07-12 10:45:18,509 - INFO - Reads parsed so far: 3800000
2017-07-12 10:45:20,165 - INFO - Reads parsed so far: 3900000
2017-07-12 10:45:21,831 - INFO - Reads parsed so far: 4000000
2017-07-12 10:45:23,478 - INFO - Reads parsed so far: 4100000
2017-07-12 10:45:25,108 - INFO - Reads parsed so far: 4200000
2017-07-12 10:45:26,756 - INFO - Reads parsed so far: 4300000
2017-07-12 10:45:28,400 - INFO - Reads parsed so far: 4400000
2017-07-12 10:45:30,038 - INFO - Reads parsed so far: 4500000
2017-07-12 10:45:31,693 - INFO - Reads parsed so far: 4600000
2017-07-12 10:45:33,341 - INFO - Reads parsed so far: 4700000
2017-07-12 10:45:35,009 - INFO - Reads parsed so far: 4800000
2017-07-12 10:45:36,687 - INFO - Reads parsed so far: 4900000
2017-07-12 10:45:38,331 - INFO - Reads parsed so far: 5000000
2017-07-12 10:45:39,966 - INFO - Reads parsed so far: 5100000
2017-07-12 10:45:41,620 - INFO - Reads parsed so far: 5200000
2017-07-12 10:45:43,249 - INFO - Reads parsed so far: 5300000
2017-07-12 10:45:44,891 - INFO - Reads parsed so far: 5400000
2017-07-12 10:45:46,552 - INFO - Reads parsed so far: 5500000
2017-07-12 10:45:48,206 - INFO - Reads parsed so far: 5600000
2017-07-12 10:45:49,872 - INFO - Reads parsed so far: 5700000
2017-07-12 10:45:51,519 - INFO - Reads parsed so far: 5800000
2017-07-12 10:45:53,155 - INFO - Reads parsed so far: 5900000
2017-07-12 10:45:54,802 - INFO - Reads parsed so far: 6000000
2017-07-12 10:45:56,452 - INFO - Reads parsed so far: 6100000
2017-07-12 10:45:58,095 - INFO - Reads parsed so far: 6200000
2017-07-12 10:45:59,749 - INFO - Reads parsed so far: 6300000
2017-07-12 10:46:01,407 - INFO - Reads parsed so far: 6400000
2017-07-12 10:46:04,302 - INFO - Reads parsed so far: 6500000
2017-07-12 10:46:05,927 - INFO - Reads parsed so far: 6600000
2017-07-12 10:46:07,569 - INFO - Reads parsed so far: 6700000
2017-07-12 10:46:09,190 - INFO - Reads parsed so far: 6800000
2017-07-12 10:46:09,233 - INFO - Finished parsing all 6802627 reads; ended up with 2086300 unique barcodes.

2017-07-12 10:46:09,239 - INFO - Now examining the 2086300 barcodes to see if reads meet criteria for retention
2017-07-12 10:46:13,422 - INFO - Barcodes examined so far: 100000
2017-07-12 10:46:17,536 - INFO - Barcodes examined so far: 200000
2017-07-12 10:46:21,580 - INFO - Barcodes examined so far: 300000
2017-07-12 10:46:25,625 - INFO - Barcodes examined so far: 400000
2017-07-12 10:46:29,711 - INFO - Barcodes examined so far: 500000
2017-07-12 10:46:33,827 - INFO - Barcodes examined so far: 600000
2017-07-12 10:46:37,879 - INFO - Barcodes examined so far: 700000
2017-07-12 10:46:41,931 - INFO - Barcodes examined so far: 800000
2017-07-12 10:46:46,023 - INFO - Barcodes examined so far: 900000
2017-07-12 10:46:50,097 - INFO - Barcodes examined so far: 1000000
2017-07-12 10:46:54,163 - INFO - Barcodes examined so far: 1100000
2017-07-12 10:46:58,247 - INFO - Barcodes examined so far: 1200000
2017-07-12 10:47:02,343 - INFO - Barcodes examined so far: 1300000
2017-07-12 10:47:06,389 - INFO - Barcodes examined so far: 1400000
2017-07-12 10:47:10,447 - INFO - Barcodes examined so far: 1500000
2017-07-12 10:47:14,595 - INFO - Barcodes examined so far: 1600000
2017-07-12 10:47:18,854 - INFO - Barcodes examined so far: 1700000
2017-07-12 10:47:23,400 - INFO - Barcodes examined so far: 1800000
2017-07-12 10:47:28,408 - INFO - Barcodes examined so far: 1900000
2017-07-12 10:47:34,032 - INFO - Barcodes examined so far: 2000000
2017-07-12 10:47:41,862 - INFO - Finished examining all 2086300 barcodes

2017-07-12 10:47:41,863 - INFO - Writing the codon counts to XBP139_counts.txt
2017-07-12 10:47:41,893 - INFO - Here are the summary statistics (these are also being written to XBP139_summarystats.txt):
	total read pairs = 6802627
	read pairs that fail Illumina filter = 0
	low quality read pairs = 609268
	barcodes randomly purged = 0
	discarded barcodes with 1 reads = 674816
	aligned barcodes with 2 reads = 309901
	discarded barcodes with 2 reads = 5097
	un-alignable barcodes with 2 reads = 27614
	aligned barcodes with 3 reads = 298545
	discarded barcodes with 3 reads = 7594
	un-alignable barcodes with 3 reads = 38305
	aligned barcodes with 4 reads = 262704
	discarded barcodes with 4 reads = 8052
	un-alignable barcodes with 4 reads = 13399
	aligned barcodes with 5 reads = 180898
	discarded barcodes with 5 reads = 7361
	un-alignable barcodes with 5 reads = 9328
	aligned barcodes with 6 reads = 109522
	discarded barcodes with 6 reads = 5282
	un-alignable barcodes with 6 reads = 5635
	aligned barcodes with 7 reads = 59210
	discarded barcodes with 7 reads = 3446
	un-alignable barcodes with 7 reads = 2971
	aligned barcodes with 8 reads = 28768
	discarded barcodes with 8 reads = 1950
	un-alignable barcodes with 8 reads = 1407
	aligned barcodes with 9 reads = 12942
	discarded barcodes with 9 reads = 962
	un-alignable barcodes with 9 reads = 700
	aligned barcodes with 10 reads = 5241
	discarded barcodes with 10 reads = 476
	un-alignable barcodes with 10 reads = 281
	aligned barcodes with 11 reads = 2158
	discarded barcodes with 11 reads = 228
	un-alignable barcodes with 11 reads = 110
	aligned barcodes with 12 reads = 770
	discarded barcodes with 12 reads = 93
	un-alignable barcodes with 12 reads = 44
	aligned barcodes with 13 reads = 253
	discarded barcodes with 13 reads = 35
	un-alignable barcodes with 13 reads = 16
	aligned barcodes with 14 reads = 101
	discarded barcodes with 14 reads = 16
	un-alignable barcodes with 14 reads = 6
	aligned barcodes with 15 reads = 31
	discarded barcodes with 15 reads = 8
	aligned barcodes with 16 reads = 9
	discarded barcodes with 16 reads = 8
	un-alignable barcodes with 16 reads = 1
	aligned barcodes with 17 reads = 4
	aligned barcodes with 19 reads = 2
2017-07-12 10:47:41,894 - INFO - Successful completion of dms_barcodedsubamplicons at Wed Jul 12 10:47:41 2017
