2017-07-12 10:02:12,505 - INFO - Beginning execution of dms_barcodedsubamplicons in directory /Users/angelaphillips/Desktop/HA_GIT/Hemagglutinin_3/replicate-2/DMSO39

2017-07-12 10:02:12,506 - INFO - Progress will be logged to DMSO39_.log
2017-07-12 10:02:13,084 - INFO - Version information for dms_tools and associated packages.
	Time and date: Wed Jul 12 10:02:12 2017
	Platform: Darwin-15.5.0-x86_64-i386-64bit
	Python version: 2.7.11 |Anaconda 2.3.0 (x86_64)| (default, Dec  6 2015, 18:57:58)  [GCC 4.2.1 (Apple Inc. build 5577)]
	dms_tools version: 1.1.14
	Bio version: 1.66
	numpy version: 1.9.2
	scipy version: 0.15.1
	matplotlib version: 1.4.3
	cython version: 0.22.1
	pystan version: 2.9.0.0
	weblogolib version: 3.4
	PyPDF2 version: 1.26.0

2017-07-12 10:02:13,085 - INFO - Parsed the following arguments:
	minreadconcurrence = 0.75
	maxmuts = 4
	maxlowqfrac = 0.075
	r1files = ['/Users/angelaphillips/Desktop/HA_GIT/Hemagglutinin_3/FASTQ_files//replicate-2/DMSO39/DMSO39_1.fastq']
	minreadidentity = 0.9
	purgefrac = 0
	R1trimlength = 200
	R1_is_antisense = False
	r2files = ['/Users/angelaphillips/Desktop/HA_GIT/Hemagglutinin_3/FASTQ_files//replicate-2/DMSO39/DMSO39_2.fastq']
	alignspecs = [(1, 285, 36, 37), (286, 570, 31, 32), (571, 855, 37, 32), (856, 1140, 31, 36), (1141, 1425, 29, 33), (1426, 1698, 40, 43)]
	R2trimlength = 170
	maxreadtrim = 3
	barcodeinfo = False
	chartype = codon
	barcodelength = 8
	minreadsperbarcode = 2
	minq = 15
	outprefix = DMSO39_
	refseq = /Users/angelaphillips/Desktop/HA_GIT/Hemagglutinin_3/WSN_HA_reference.fasta
	purgereadfrac = 0
	seed = 1

2017-07-12 10:02:13,088 - INFO - Read a reference sequence of 566 codons from /Users/angelaphillips/Desktop/HA_GIT/Hemagglutinin_3/WSN_HA_reference.fasta

2017-07-12 10:02:13,088 - INFO - Now parsing reads from the following:
	r1files: /Users/angelaphillips/Desktop/HA_GIT/Hemagglutinin_3/FASTQ_files//replicate-2/DMSO39/DMSO39_1.fastq
	r2files: /Users/angelaphillips/Desktop/HA_GIT/Hemagglutinin_3/FASTQ_files//replicate-2/DMSO39/DMSO39_2.fastq
2017-07-12 10:02:14,758 - INFO - Reads parsed so far: 100000
2017-07-12 10:02:16,465 - INFO - Reads parsed so far: 200000
2017-07-12 10:02:18,142 - INFO - Reads parsed so far: 300000
2017-07-12 10:02:19,860 - INFO - Reads parsed so far: 400000
2017-07-12 10:02:21,634 - INFO - Reads parsed so far: 500000
2017-07-12 10:02:23,282 - INFO - Reads parsed so far: 600000
2017-07-12 10:02:25,069 - INFO - Reads parsed so far: 700000
2017-07-12 10:02:26,726 - INFO - Reads parsed so far: 800000
2017-07-12 10:02:28,564 - INFO - Reads parsed so far: 900000
2017-07-12 10:02:30,268 - INFO - Reads parsed so far: 1000000
2017-07-12 10:02:31,932 - INFO - Reads parsed so far: 1100000
2017-07-12 10:02:33,871 - INFO - Reads parsed so far: 1200000
2017-07-12 10:02:35,536 - INFO - Reads parsed so far: 1300000
2017-07-12 10:02:37,188 - INFO - Reads parsed so far: 1400000
2017-07-12 10:02:38,838 - INFO - Reads parsed so far: 1500000
2017-07-12 10:02:40,491 - INFO - Reads parsed so far: 1600000
2017-07-12 10:02:42,475 - INFO - Reads parsed so far: 1700000
2017-07-12 10:02:44,142 - INFO - Reads parsed so far: 1800000
2017-07-12 10:02:45,792 - INFO - Reads parsed so far: 1900000
2017-07-12 10:02:47,450 - INFO - Reads parsed so far: 2000000
2017-07-12 10:02:49,108 - INFO - Reads parsed so far: 2100000
2017-07-12 10:02:50,766 - INFO - Reads parsed so far: 2200000
2017-07-12 10:02:52,437 - INFO - Reads parsed so far: 2300000
2017-07-12 10:02:54,600 - INFO - Reads parsed so far: 2400000
2017-07-12 10:02:56,327 - INFO - Reads parsed so far: 2500000
2017-07-12 10:02:57,992 - INFO - Reads parsed so far: 2600000
2017-07-12 10:02:59,644 - INFO - Reads parsed so far: 2700000
2017-07-12 10:03:01,378 - INFO - Reads parsed so far: 2800000
2017-07-12 10:03:03,038 - INFO - Reads parsed so far: 2900000
2017-07-12 10:03:04,695 - INFO - Reads parsed so far: 3000000
2017-07-12 10:03:06,343 - INFO - Reads parsed so far: 3100000
2017-07-12 10:03:08,009 - INFO - Reads parsed so far: 3200000
2017-07-12 10:03:09,711 - INFO - Reads parsed so far: 3300000
2017-07-12 10:03:11,395 - INFO - Reads parsed so far: 3400000
2017-07-12 10:03:13,065 - INFO - Reads parsed so far: 3500000
2017-07-12 10:03:14,722 - INFO - Reads parsed so far: 3600000
2017-07-12 10:03:16,399 - INFO - Reads parsed so far: 3700000
2017-07-12 10:03:18,051 - INFO - Reads parsed so far: 3800000
2017-07-12 10:03:20,511 - INFO - Reads parsed so far: 3900000
2017-07-12 10:03:22,177 - INFO - Reads parsed so far: 4000000
2017-07-12 10:03:23,861 - INFO - Reads parsed so far: 4100000
2017-07-12 10:03:25,523 - INFO - Reads parsed so far: 4200000
2017-07-12 10:03:27,215 - INFO - Reads parsed so far: 4300000
2017-07-12 10:03:28,874 - INFO - Reads parsed so far: 4400000
2017-07-12 10:03:30,526 - INFO - Reads parsed so far: 4500000
2017-07-12 10:03:32,178 - INFO - Reads parsed so far: 4600000
2017-07-12 10:03:33,834 - INFO - Reads parsed so far: 4700000
2017-07-12 10:03:35,496 - INFO - Reads parsed so far: 4800000
2017-07-12 10:03:37,153 - INFO - Reads parsed so far: 4900000
2017-07-12 10:03:38,846 - INFO - Reads parsed so far: 5000000
2017-07-12 10:03:40,494 - INFO - Reads parsed so far: 5100000
2017-07-12 10:03:42,153 - INFO - Reads parsed so far: 5200000
2017-07-12 10:03:43,806 - INFO - Reads parsed so far: 5300000
2017-07-12 10:03:45,476 - INFO - Reads parsed so far: 5400000
2017-07-12 10:03:47,140 - INFO - Reads parsed so far: 5500000
2017-07-12 10:03:48,827 - INFO - Reads parsed so far: 5600000
2017-07-12 10:03:50,498 - INFO - Reads parsed so far: 5700000
2017-07-12 10:03:52,203 - INFO - Reads parsed so far: 5800000
2017-07-12 10:03:53,870 - INFO - Reads parsed so far: 5900000
2017-07-12 10:03:55,539 - INFO - Reads parsed so far: 6000000
2017-07-12 10:03:57,211 - INFO - Reads parsed so far: 6100000
2017-07-12 10:03:58,880 - INFO - Reads parsed so far: 6200000
2017-07-12 10:04:00,546 - INFO - Reads parsed so far: 6300000
2017-07-12 10:04:02,216 - INFO - Reads parsed so far: 6400000
2017-07-12 10:04:03,886 - INFO - Reads parsed so far: 6500000
2017-07-12 10:04:05,534 - INFO - Reads parsed so far: 6600000
2017-07-12 10:04:07,183 - INFO - Reads parsed so far: 6700000
2017-07-12 10:04:08,861 - INFO - Reads parsed so far: 6800000
2017-07-12 10:04:08,913 - INFO - Finished parsing all 6803056 reads; ended up with 2030839 unique barcodes.

2017-07-12 10:04:08,920 - INFO - Now examining the 2030839 barcodes to see if reads meet criteria for retention
2017-07-12 10:04:13,121 - INFO - Barcodes examined so far: 100000
2017-07-12 10:04:17,299 - INFO - Barcodes examined so far: 200000
2017-07-12 10:04:21,524 - INFO - Barcodes examined so far: 300000
2017-07-12 10:04:25,747 - INFO - Barcodes examined so far: 400000
2017-07-12 10:04:29,990 - INFO - Barcodes examined so far: 500000
2017-07-12 10:04:34,239 - INFO - Barcodes examined so far: 600000
2017-07-12 10:04:38,443 - INFO - Barcodes examined so far: 700000
2017-07-12 10:04:42,663 - INFO - Barcodes examined so far: 800000
2017-07-12 10:04:46,881 - INFO - Barcodes examined so far: 900000
2017-07-12 10:04:51,094 - INFO - Barcodes examined so far: 1000000
2017-07-12 10:04:55,335 - INFO - Barcodes examined so far: 1100000
2017-07-12 10:04:59,585 - INFO - Barcodes examined so far: 1200000
2017-07-12 10:05:03,814 - INFO - Barcodes examined so far: 1300000
2017-07-12 10:05:08,032 - INFO - Barcodes examined so far: 1400000
2017-07-12 10:05:12,262 - INFO - Barcodes examined so far: 1500000
2017-07-12 10:05:16,578 - INFO - Barcodes examined so far: 1600000
2017-07-12 10:05:21,184 - INFO - Barcodes examined so far: 1700000
2017-07-12 10:05:26,102 - INFO - Barcodes examined so far: 1800000
2017-07-12 10:05:31,575 - INFO - Barcodes examined so far: 1900000
2017-07-12 10:05:38,312 - INFO - Barcodes examined so far: 2000000
2017-07-12 10:05:42,337 - INFO - Finished examining all 2030839 barcodes

2017-07-12 10:05:42,337 - INFO - Writing the codon counts to DMSO39_counts.txt
2017-07-12 10:05:42,368 - INFO - Here are the summary statistics (these are also being written to DMSO39_summarystats.txt):
	total read pairs = 6803056
	read pairs that fail Illumina filter = 0
	low quality read pairs = 596911
	barcodes randomly purged = 0
	discarded barcodes with 1 reads = 654251
	aligned barcodes with 2 reads = 268205
	discarded barcodes with 2 reads = 4901
	un-alignable barcodes with 2 reads = 27210
	aligned barcodes with 3 reads = 281328
	discarded barcodes with 3 reads = 7398
	un-alignable barcodes with 3 reads = 34475
	aligned barcodes with 4 reads = 261970
	discarded barcodes with 4 reads = 8291
	un-alignable barcodes with 4 reads = 13407
	aligned barcodes with 5 reads = 189547
	discarded barcodes with 5 reads = 7636
	un-alignable barcodes with 5 reads = 9793
	aligned barcodes with 6 reads = 118102
	discarded barcodes with 6 reads = 5544
	un-alignable barcodes with 6 reads = 6036
	aligned barcodes with 7 reads = 64203
	discarded barcodes with 7 reads = 3479
	un-alignable barcodes with 7 reads = 3403
	aligned barcodes with 8 reads = 31753
	discarded barcodes with 8 reads = 1889
	un-alignable barcodes with 8 reads = 1621
	aligned barcodes with 9 reads = 14104
	discarded barcodes with 9 reads = 1025
	un-alignable barcodes with 9 reads = 717
	aligned barcodes with 10 reads = 5829
	discarded barcodes with 10 reads = 482
	un-alignable barcodes with 10 reads = 304
	aligned barcodes with 11 reads = 2180
	discarded barcodes with 11 reads = 220
	un-alignable barcodes with 11 reads = 114
	aligned barcodes with 12 reads = 769
	discarded barcodes with 12 reads = 88
	un-alignable barcodes with 12 reads = 52
	aligned barcodes with 13 reads = 261
	discarded barcodes with 13 reads = 38
	un-alignable barcodes with 13 reads = 9
	aligned barcodes with 14 reads = 109
	discarded barcodes with 14 reads = 17
	un-alignable barcodes with 14 reads = 5
	aligned barcodes with 15 reads = 47
	discarded barcodes with 15 reads = 5
	aligned barcodes with 16 reads = 8
	discarded barcodes with 16 reads = 6
	aligned barcodes with 17 reads = 1
	discarded barcodes with 17 reads = 1
	aligned barcodes with 18 reads = 2
	discarded barcodes with 18 reads = 1
	aligned barcodes with 19 reads = 1
	aligned barcodes with 20 reads = 1
	discarded barcodes with 21 reads = 1
2017-07-12 10:05:42,368 - INFO - Successful completion of dms_barcodedsubamplicons at Wed Jul 12 10:05:42 2017
