2017-07-12 09:03:12,401 - INFO - Beginning execution of dms_barcodedsubamplicons in directory /Users/angelaphillips/Desktop/HA_GIT/Hemagglutinin_3/replicate-1/WTP239

2017-07-12 09:03:12,401 - INFO - Progress will be logged to WTP239_.log
2017-07-12 09:03:12,932 - INFO - Version information for dms_tools and associated packages.
	Time and date: Wed Jul 12 09:03:12 2017
	Platform: Darwin-15.5.0-x86_64-i386-64bit
	Python version: 2.7.11 |Anaconda 2.3.0 (x86_64)| (default, Dec  6 2015, 18:57:58)  [GCC 4.2.1 (Apple Inc. build 5577)]
	dms_tools version: 1.1.14
	Bio version: 1.66
	numpy version: 1.9.2
	scipy version: 0.15.1
	matplotlib version: 1.4.3
	cython version: 0.22.1
	pystan version: 2.9.0.0
	weblogolib version: 3.4
	PyPDF2 version: 1.26.0

2017-07-12 09:03:12,932 - INFO - Parsed the following arguments:
	minreadconcurrence = 0.75
	maxmuts = 4
	maxlowqfrac = 0.075
	r1files = ['/Users/angelaphillips/Desktop/HA_GIT/Hemagglutinin_3/FASTQ_files//replicate-1/WTP239/WTP239_1.fastq']
	minreadidentity = 0.9
	purgefrac = 0
	R1trimlength = 200
	R1_is_antisense = False
	r2files = ['/Users/angelaphillips/Desktop/HA_GIT/Hemagglutinin_3/FASTQ_files//replicate-1/WTP239/WTP239_2.fastq']
	alignspecs = [(1, 285, 36, 37), (286, 570, 31, 32), (571, 855, 37, 32), (856, 1140, 31, 36), (1141, 1425, 29, 33), (1426, 1698, 40, 43)]
	R2trimlength = 170
	maxreadtrim = 3
	barcodeinfo = False
	chartype = codon
	barcodelength = 8
	minreadsperbarcode = 2
	minq = 15
	outprefix = WTP239_
	refseq = /Users/angelaphillips/Desktop/HA_GIT/Hemagglutinin_3/WSN_HA_reference.fasta
	purgereadfrac = 0
	seed = 1

2017-07-12 09:03:12,935 - INFO - Read a reference sequence of 566 codons from /Users/angelaphillips/Desktop/HA_GIT/Hemagglutinin_3/WSN_HA_reference.fasta

2017-07-12 09:03:12,935 - INFO - Now parsing reads from the following:
	r1files: /Users/angelaphillips/Desktop/HA_GIT/Hemagglutinin_3/FASTQ_files//replicate-1/WTP239/WTP239_1.fastq
	r2files: /Users/angelaphillips/Desktop/HA_GIT/Hemagglutinin_3/FASTQ_files//replicate-1/WTP239/WTP239_2.fastq
2017-07-12 09:03:14,633 - INFO - Reads parsed so far: 100000
2017-07-12 09:03:16,384 - INFO - Reads parsed so far: 200000
2017-07-12 09:03:18,091 - INFO - Reads parsed so far: 300000
2017-07-12 09:03:19,826 - INFO - Reads parsed so far: 400000
2017-07-12 09:03:21,563 - INFO - Reads parsed so far: 500000
2017-07-12 09:03:23,306 - INFO - Reads parsed so far: 600000
2017-07-12 09:03:25,152 - INFO - Reads parsed so far: 700000
2017-07-12 09:03:27,033 - INFO - Reads parsed so far: 800000
2017-07-12 09:03:28,807 - INFO - Reads parsed so far: 900000
2017-07-12 09:03:30,471 - INFO - Reads parsed so far: 1000000
2017-07-12 09:03:32,314 - INFO - Reads parsed so far: 1100000
2017-07-12 09:03:34,075 - INFO - Reads parsed so far: 1200000
2017-07-12 09:03:35,872 - INFO - Reads parsed so far: 1300000
2017-07-12 09:03:37,868 - INFO - Reads parsed so far: 1400000
2017-07-12 09:03:39,612 - INFO - Reads parsed so far: 1500000
2017-07-12 09:03:41,353 - INFO - Reads parsed so far: 1600000
2017-07-12 09:03:43,077 - INFO - Reads parsed so far: 1700000
2017-07-12 09:03:45,171 - INFO - Reads parsed so far: 1800000
2017-07-12 09:03:46,973 - INFO - Reads parsed so far: 1900000
2017-07-12 09:03:48,684 - INFO - Reads parsed so far: 2000000
2017-07-12 09:03:50,452 - INFO - Reads parsed so far: 2100000
2017-07-12 09:03:52,176 - INFO - Reads parsed so far: 2200000
2017-07-12 09:03:53,894 - INFO - Reads parsed so far: 2300000
2017-07-12 09:03:56,084 - INFO - Reads parsed so far: 2400000
2017-07-12 09:03:57,736 - INFO - Reads parsed so far: 2500000
2017-07-12 09:03:59,395 - INFO - Reads parsed so far: 2600000
2017-07-12 09:04:01,067 - INFO - Reads parsed so far: 2700000
2017-07-12 09:04:02,719 - INFO - Reads parsed so far: 2800000
2017-07-12 09:04:04,369 - INFO - Reads parsed so far: 2900000
2017-07-12 09:04:06,032 - INFO - Reads parsed so far: 3000000
2017-07-12 09:04:07,670 - INFO - Reads parsed so far: 3100000
2017-07-12 09:04:10,028 - INFO - Reads parsed so far: 3200000
2017-07-12 09:04:11,679 - INFO - Reads parsed so far: 3300000
2017-07-12 09:04:13,333 - INFO - Reads parsed so far: 3400000
2017-07-12 09:04:15,001 - INFO - Reads parsed so far: 3500000
2017-07-12 09:04:16,670 - INFO - Reads parsed so far: 3600000
2017-07-12 09:04:18,333 - INFO - Reads parsed so far: 3700000
2017-07-12 09:04:19,974 - INFO - Reads parsed so far: 3800000
2017-07-12 09:04:21,636 - INFO - Reads parsed so far: 3900000
2017-07-12 09:04:21,862 - INFO - Finished parsing all 3913830 reads; ended up with 2465692 unique barcodes.

2017-07-12 09:04:21,868 - INFO - Now examining the 2465692 barcodes to see if reads meet criteria for retention
2017-07-12 09:04:23,929 - INFO - Barcodes examined so far: 100000
2017-07-12 09:04:25,848 - INFO - Barcodes examined so far: 200000
2017-07-12 09:04:27,751 - INFO - Barcodes examined so far: 300000
2017-07-12 09:04:29,678 - INFO - Barcodes examined so far: 400000
2017-07-12 09:04:31,682 - INFO - Barcodes examined so far: 500000
2017-07-12 09:04:33,848 - INFO - Barcodes examined so far: 600000
2017-07-12 09:04:35,902 - INFO - Barcodes examined so far: 700000
2017-07-12 09:04:37,865 - INFO - Barcodes examined so far: 800000
2017-07-12 09:04:39,789 - INFO - Barcodes examined so far: 900000
2017-07-12 09:04:41,760 - INFO - Barcodes examined so far: 1000000
2017-07-12 09:04:43,682 - INFO - Barcodes examined so far: 1100000
2017-07-12 09:04:45,722 - INFO - Barcodes examined so far: 1200000
2017-07-12 09:04:47,683 - INFO - Barcodes examined so far: 1300000
2017-07-12 09:04:49,648 - INFO - Barcodes examined so far: 1400000
2017-07-12 09:04:51,564 - INFO - Barcodes examined so far: 1500000
2017-07-12 09:04:53,539 - INFO - Barcodes examined so far: 1600000
2017-07-12 09:04:55,507 - INFO - Barcodes examined so far: 1700000
2017-07-12 09:04:57,457 - INFO - Barcodes examined so far: 1800000
2017-07-12 09:04:59,473 - INFO - Barcodes examined so far: 1900000
2017-07-12 09:05:01,475 - INFO - Barcodes examined so far: 2000000
2017-07-12 09:05:03,589 - INFO - Barcodes examined so far: 2100000
2017-07-12 09:05:05,783 - INFO - Barcodes examined so far: 2200000
2017-07-12 09:05:08,090 - INFO - Barcodes examined so far: 2300000
2017-07-12 09:05:10,751 - INFO - Barcodes examined so far: 2400000
2017-07-12 09:05:13,682 - INFO - Finished examining all 2465692 barcodes

2017-07-12 09:05:13,682 - INFO - Writing the codon counts to WTP239_counts.txt
2017-07-12 09:05:13,711 - INFO - Here are the summary statistics (these are also being written to WTP239_summarystats.txt):
	total read pairs = 3913830
	read pairs that fail Illumina filter = 0
	low quality read pairs = 368168
	barcodes randomly purged = 0
	discarded barcodes with 1 reads = 1687362
	aligned barcodes with 2 reads = 494219
	discarded barcodes with 2 reads = 8889
	un-alignable barcodes with 2 reads = 44301
	aligned barcodes with 3 reads = 150892
	discarded barcodes with 3 reads = 4310
	un-alignable barcodes with 3 reads = 19314
	aligned barcodes with 4 reads = 40994
	discarded barcodes with 4 reads = 1542
	un-alignable barcodes with 4 reads = 2176
	aligned barcodes with 5 reads = 8625
	discarded barcodes with 5 reads = 453
	un-alignable barcodes with 5 reads = 442
	aligned barcodes with 6 reads = 1628
	discarded barcodes with 6 reads = 108
	un-alignable barcodes with 6 reads = 71
	aligned barcodes with 7 reads = 266
	discarded barcodes with 7 reads = 23
	un-alignable barcodes with 7 reads = 9
	aligned barcodes with 8 reads = 47
	discarded barcodes with 8 reads = 5
	un-alignable barcodes with 8 reads = 4
	aligned barcodes with 9 reads = 7
	discarded barcodes with 9 reads = 2
	un-alignable barcodes with 9 reads = 1
	aligned barcodes with 10 reads = 1
	discarded barcodes with 10 reads = 1
2017-07-12 09:05:13,711 - INFO - Successful completion of dms_barcodedsubamplicons at Wed Jul 12 09:05:13 2017
