2017-07-12 09:25:12,449 - INFO - Beginning execution of dms_barcodedsubamplicons in directory /Users/angelaphillips/Desktop/HA_GIT/Hemagglutinin_3/replicate-1/DMSO39

2017-07-12 09:25:12,449 - INFO - Progress will be logged to DMSO39_.log
2017-07-12 09:25:13,033 - INFO - Version information for dms_tools and associated packages.
	Time and date: Wed Jul 12 09:25:12 2017
	Platform: Darwin-15.5.0-x86_64-i386-64bit
	Python version: 2.7.11 |Anaconda 2.3.0 (x86_64)| (default, Dec  6 2015, 18:57:58)  [GCC 4.2.1 (Apple Inc. build 5577)]
	dms_tools version: 1.1.14
	Bio version: 1.66
	numpy version: 1.9.2
	scipy version: 0.15.1
	matplotlib version: 1.4.3
	cython version: 0.22.1
	pystan version: 2.9.0.0
	weblogolib version: 3.4
	PyPDF2 version: 1.26.0

2017-07-12 09:25:13,033 - INFO - Parsed the following arguments:
	minreadconcurrence = 0.75
	maxmuts = 4
	maxlowqfrac = 0.075
	r1files = ['/Users/angelaphillips/Desktop/HA_GIT/Hemagglutinin_3/FASTQ_files//replicate-1/DMSO39/DMSO39_1.fastq']
	minreadidentity = 0.9
	purgefrac = 0
	R1trimlength = 200
	R1_is_antisense = False
	r2files = ['/Users/angelaphillips/Desktop/HA_GIT/Hemagglutinin_3/FASTQ_files//replicate-1/DMSO39/DMSO39_2.fastq']
	alignspecs = [(1, 285, 36, 37), (286, 570, 31, 32), (571, 855, 37, 32), (856, 1140, 31, 36), (1141, 1425, 29, 33), (1426, 1698, 40, 43)]
	R2trimlength = 170
	maxreadtrim = 3
	barcodeinfo = False
	chartype = codon
	barcodelength = 8
	minreadsperbarcode = 2
	minq = 15
	outprefix = DMSO39_
	refseq = /Users/angelaphillips/Desktop/HA_GIT/Hemagglutinin_3/WSN_HA_reference.fasta
	purgereadfrac = 0
	seed = 1

2017-07-12 09:25:13,036 - INFO - Read a reference sequence of 566 codons from /Users/angelaphillips/Desktop/HA_GIT/Hemagglutinin_3/WSN_HA_reference.fasta

2017-07-12 09:25:13,037 - INFO - Now parsing reads from the following:
	r1files: /Users/angelaphillips/Desktop/HA_GIT/Hemagglutinin_3/FASTQ_files//replicate-1/DMSO39/DMSO39_1.fastq
	r2files: /Users/angelaphillips/Desktop/HA_GIT/Hemagglutinin_3/FASTQ_files//replicate-1/DMSO39/DMSO39_2.fastq
2017-07-12 09:25:14,770 - INFO - Reads parsed so far: 100000
2017-07-12 09:25:16,496 - INFO - Reads parsed so far: 200000
2017-07-12 09:25:18,194 - INFO - Reads parsed so far: 300000
2017-07-12 09:25:19,917 - INFO - Reads parsed so far: 400000
2017-07-12 09:25:21,682 - INFO - Reads parsed so far: 500000
2017-07-12 09:25:23,329 - INFO - Reads parsed so far: 600000
2017-07-12 09:25:25,099 - INFO - Reads parsed so far: 700000
2017-07-12 09:25:26,760 - INFO - Reads parsed so far: 800000
2017-07-12 09:25:28,611 - INFO - Reads parsed so far: 900000
2017-07-12 09:25:30,297 - INFO - Reads parsed so far: 1000000
2017-07-12 09:25:31,948 - INFO - Reads parsed so far: 1100000
2017-07-12 09:25:33,819 - INFO - Reads parsed so far: 1200000
2017-07-12 09:25:35,471 - INFO - Reads parsed so far: 1300000
2017-07-12 09:25:37,112 - INFO - Reads parsed so far: 1400000
2017-07-12 09:25:38,776 - INFO - Reads parsed so far: 1500000
2017-07-12 09:25:40,750 - INFO - Reads parsed so far: 1600000
2017-07-12 09:25:42,449 - INFO - Reads parsed so far: 1700000
2017-07-12 09:25:44,104 - INFO - Reads parsed so far: 1800000
2017-07-12 09:25:45,762 - INFO - Reads parsed so far: 1900000
2017-07-12 09:25:47,417 - INFO - Reads parsed so far: 2000000
2017-07-12 09:25:49,060 - INFO - Reads parsed so far: 2100000
2017-07-12 09:25:51,159 - INFO - Reads parsed so far: 2200000
2017-07-12 09:25:52,824 - INFO - Reads parsed so far: 2300000
2017-07-12 09:25:54,579 - INFO - Reads parsed so far: 2400000
2017-07-12 09:25:56,284 - INFO - Reads parsed so far: 2500000
2017-07-12 09:25:57,935 - INFO - Reads parsed so far: 2600000
2017-07-12 09:25:59,587 - INFO - Reads parsed so far: 2700000
2017-07-12 09:26:01,238 - INFO - Reads parsed so far: 2800000
2017-07-12 09:26:02,892 - INFO - Reads parsed so far: 2900000
2017-07-12 09:26:04,547 - INFO - Reads parsed so far: 3000000
2017-07-12 09:26:06,207 - INFO - Reads parsed so far: 3100000
2017-07-12 09:26:08,558 - INFO - Reads parsed so far: 3200000
2017-07-12 09:26:10,264 - INFO - Reads parsed so far: 3300000
2017-07-12 09:26:11,913 - INFO - Reads parsed so far: 3400000
2017-07-12 09:26:13,560 - INFO - Reads parsed so far: 3500000
2017-07-12 09:26:15,209 - INFO - Reads parsed so far: 3600000
2017-07-12 09:26:16,883 - INFO - Reads parsed so far: 3700000
2017-07-12 09:26:18,531 - INFO - Reads parsed so far: 3800000
2017-07-12 09:26:20,192 - INFO - Reads parsed so far: 3900000
2017-07-12 09:26:21,867 - INFO - Reads parsed so far: 4000000
2017-07-12 09:26:23,529 - INFO - Reads parsed so far: 4100000
2017-07-12 09:26:25,217 - INFO - Reads parsed so far: 4200000
2017-07-12 09:26:26,858 - INFO - Reads parsed so far: 4300000
2017-07-12 09:26:28,517 - INFO - Reads parsed so far: 4400000
2017-07-12 09:26:30,155 - INFO - Reads parsed so far: 4500000
2017-07-12 09:26:31,797 - INFO - Reads parsed so far: 4600000
2017-07-12 09:26:33,447 - INFO - Reads parsed so far: 4700000
2017-07-12 09:26:35,105 - INFO - Reads parsed so far: 4800000
2017-07-12 09:26:36,765 - INFO - Reads parsed so far: 4900000
2017-07-12 09:26:38,448 - INFO - Reads parsed so far: 5000000
2017-07-12 09:26:40,107 - INFO - Reads parsed so far: 5100000
2017-07-12 09:26:42,816 - INFO - Reads parsed so far: 5200000
2017-07-12 09:26:44,469 - INFO - Reads parsed so far: 5300000
2017-07-12 09:26:46,130 - INFO - Reads parsed so far: 5400000
2017-07-12 09:26:47,777 - INFO - Reads parsed so far: 5500000
2017-07-12 09:26:49,428 - INFO - Reads parsed so far: 5600000
2017-07-12 09:26:51,082 - INFO - Reads parsed so far: 5700000
2017-07-12 09:26:51,972 - INFO - Finished parsing all 5752564 reads; ended up with 2155303 unique barcodes.

2017-07-12 09:26:51,978 - INFO - Now examining the 2155303 barcodes to see if reads meet criteria for retention
2017-07-12 09:26:55,757 - INFO - Barcodes examined so far: 100000
2017-07-12 09:26:59,424 - INFO - Barcodes examined so far: 200000
2017-07-12 09:27:03,091 - INFO - Barcodes examined so far: 300000
2017-07-12 09:27:06,793 - INFO - Barcodes examined so far: 400000
2017-07-12 09:27:10,471 - INFO - Barcodes examined so far: 500000
2017-07-12 09:27:14,156 - INFO - Barcodes examined so far: 600000
2017-07-12 09:27:17,906 - INFO - Barcodes examined so far: 700000
2017-07-12 09:27:21,606 - INFO - Barcodes examined so far: 800000
2017-07-12 09:27:25,258 - INFO - Barcodes examined so far: 900000
2017-07-12 09:27:28,905 - INFO - Barcodes examined so far: 1000000
2017-07-12 09:27:32,585 - INFO - Barcodes examined so far: 1100000
2017-07-12 09:27:36,300 - INFO - Barcodes examined so far: 1200000
2017-07-12 09:27:39,963 - INFO - Barcodes examined so far: 1300000
2017-07-12 09:27:43,630 - INFO - Barcodes examined so far: 1400000
2017-07-12 09:27:47,327 - INFO - Barcodes examined so far: 1500000
2017-07-12 09:27:51,026 - INFO - Barcodes examined so far: 1600000
2017-07-12 09:27:54,715 - INFO - Barcodes examined so far: 1700000
2017-07-12 09:27:58,604 - INFO - Barcodes examined so far: 1800000
2017-07-12 09:28:02,773 - INFO - Barcodes examined so far: 1900000
2017-07-12 09:28:07,235 - INFO - Barcodes examined so far: 2000000
2017-07-12 09:28:12,416 - INFO - Barcodes examined so far: 2100000
2017-07-12 09:28:17,319 - INFO - Finished examining all 2155303 barcodes

2017-07-12 09:28:17,319 - INFO - Writing the codon counts to DMSO39_counts.txt
2017-07-12 09:28:17,349 - INFO - Here are the summary statistics (these are also being written to DMSO39_summarystats.txt):
	total read pairs = 5752564
	read pairs that fail Illumina filter = 0
	low quality read pairs = 533922
	barcodes randomly purged = 0
	discarded barcodes with 1 reads = 848996
	aligned barcodes with 2 reads = 404244
	discarded barcodes with 2 reads = 7211
	un-alignable barcodes with 2 reads = 38591
	aligned barcodes with 3 reads = 319956
	discarded barcodes with 3 reads = 8460
	un-alignable barcodes with 3 reads = 41308
	aligned barcodes with 4 reads = 225948
	discarded barcodes with 4 reads = 7444
	un-alignable barcodes with 4 reads = 11477
	aligned barcodes with 5 reads = 123668
	discarded barcodes with 5 reads = 5001
	un-alignable barcodes with 5 reads = 6255
	aligned barcodes with 6 reads = 58359
	discarded barcodes with 6 reads = 2926
	un-alignable barcodes with 6 reads = 2835
	aligned barcodes with 7 reads = 24506
	discarded barcodes with 7 reads = 1425
	un-alignable barcodes with 7 reads = 1215
	aligned barcodes with 8 reads = 9110
	discarded barcodes with 8 reads = 612
	un-alignable barcodes with 8 reads = 504
	aligned barcodes with 9 reads = 3148
	discarded barcodes with 9 reads = 244
	un-alignable barcodes with 9 reads = 134
	aligned barcodes with 10 reads = 1067
	discarded barcodes with 10 reads = 96
	un-alignable barcodes with 10 reads = 47
	aligned barcodes with 11 reads = 320
	discarded barcodes with 11 reads = 37
	un-alignable barcodes with 11 reads = 9
	aligned barcodes with 12 reads = 89
	discarded barcodes with 12 reads = 10
	un-alignable barcodes with 12 reads = 4
	aligned barcodes with 13 reads = 26
	discarded barcodes with 13 reads = 4
	un-alignable barcodes with 13 reads = 1
	aligned barcodes with 14 reads = 7
	discarded barcodes with 14 reads = 1
	un-alignable barcodes with 14 reads = 1
	aligned barcodes with 15 reads = 2
	aligned barcodes with 16 reads = 2
	discarded barcodes with 16 reads = 2
	discarded barcodes with 17 reads = 1
2017-07-12 09:28:17,349 - INFO - Successful completion of dms_barcodedsubamplicons at Wed Jul 12 09:28:17 2017
