2017-07-12 10:30:12,682 - INFO - Beginning execution of dms_barcodedsubamplicons in directory /Users/angelaphillips/Desktop/HA_GIT/Hemagglutinin_3/replicate-3/XBP137

2017-07-12 10:30:12,682 - INFO - Progress will be logged to XBP137_.log
2017-07-12 10:30:13,379 - INFO - Version information for dms_tools and associated packages.
	Time and date: Wed Jul 12 10:30:12 2017
	Platform: Darwin-15.5.0-x86_64-i386-64bit
	Python version: 2.7.11 |Anaconda 2.3.0 (x86_64)| (default, Dec  6 2015, 18:57:58)  [GCC 4.2.1 (Apple Inc. build 5577)]
	dms_tools version: 1.1.14
	Bio version: 1.66
	numpy version: 1.9.2
	scipy version: 0.15.1
	matplotlib version: 1.4.3
	cython version: 0.22.1
	pystan version: 2.9.0.0
	weblogolib version: 3.4
	PyPDF2 version: 1.26.0

2017-07-12 10:30:13,379 - INFO - Parsed the following arguments:
	minreadconcurrence = 0.75
	maxmuts = 4
	maxlowqfrac = 0.075
	r1files = ['/Users/angelaphillips/Desktop/HA_GIT/Hemagglutinin_3/FASTQ_files//replicate-3/XBP137/XBP137_1.fastq']
	minreadidentity = 0.9
	purgefrac = 0
	R1trimlength = 200
	R1_is_antisense = False
	r2files = ['/Users/angelaphillips/Desktop/HA_GIT/Hemagglutinin_3/FASTQ_files//replicate-3/XBP137/XBP137_2.fastq']
	alignspecs = [(1, 285, 36, 37), (286, 570, 31, 32), (571, 855, 37, 32), (856, 1140, 31, 36), (1141, 1425, 29, 33), (1426, 1698, 40, 43)]
	R2trimlength = 170
	maxreadtrim = 3
	barcodeinfo = False
	chartype = codon
	barcodelength = 8
	minreadsperbarcode = 2
	minq = 15
	outprefix = XBP137_
	refseq = /Users/angelaphillips/Desktop/HA_GIT/Hemagglutinin_3/WSN_HA_reference.fasta
	purgereadfrac = 0
	seed = 1

2017-07-12 10:30:13,386 - INFO - Read a reference sequence of 566 codons from /Users/angelaphillips/Desktop/HA_GIT/Hemagglutinin_3/WSN_HA_reference.fasta

2017-07-12 10:30:13,386 - INFO - Now parsing reads from the following:
	r1files: /Users/angelaphillips/Desktop/HA_GIT/Hemagglutinin_3/FASTQ_files//replicate-3/XBP137/XBP137_1.fastq
	r2files: /Users/angelaphillips/Desktop/HA_GIT/Hemagglutinin_3/FASTQ_files//replicate-3/XBP137/XBP137_2.fastq
2017-07-12 10:30:15,078 - INFO - Reads parsed so far: 100000
2017-07-12 10:30:16,798 - INFO - Reads parsed so far: 200000
2017-07-12 10:30:18,487 - INFO - Reads parsed so far: 300000
2017-07-12 10:30:20,195 - INFO - Reads parsed so far: 400000
2017-07-12 10:30:21,959 - INFO - Reads parsed so far: 500000
2017-07-12 10:30:23,596 - INFO - Reads parsed so far: 600000
2017-07-12 10:30:25,366 - INFO - Reads parsed so far: 700000
2017-07-12 10:30:27,045 - INFO - Reads parsed so far: 800000
2017-07-12 10:30:28,864 - INFO - Reads parsed so far: 900000
2017-07-12 10:30:30,514 - INFO - Reads parsed so far: 1000000
2017-07-12 10:30:32,216 - INFO - Reads parsed so far: 1100000
2017-07-12 10:30:33,908 - INFO - Reads parsed so far: 1200000
2017-07-12 10:30:35,806 - INFO - Reads parsed so far: 1300000
2017-07-12 10:30:37,455 - INFO - Reads parsed so far: 1400000
2017-07-12 10:30:39,116 - INFO - Reads parsed so far: 1500000
2017-07-12 10:30:40,778 - INFO - Reads parsed so far: 1600000
2017-07-12 10:30:42,410 - INFO - Reads parsed so far: 1700000
2017-07-12 10:30:44,439 - INFO - Reads parsed so far: 1800000
2017-07-12 10:30:46,092 - INFO - Reads parsed so far: 1900000
2017-07-12 10:30:47,785 - INFO - Reads parsed so far: 2000000
2017-07-12 10:30:49,443 - INFO - Reads parsed so far: 2100000
2017-07-12 10:30:51,086 - INFO - Reads parsed so far: 2200000
2017-07-12 10:30:52,736 - INFO - Reads parsed so far: 2300000
2017-07-12 10:30:54,383 - INFO - Reads parsed so far: 2400000
2017-07-12 10:30:56,036 - INFO - Reads parsed so far: 2500000
2017-07-12 10:30:57,703 - INFO - Reads parsed so far: 2600000
2017-07-12 10:30:59,899 - INFO - Reads parsed so far: 2700000
2017-07-12 10:31:01,605 - INFO - Reads parsed so far: 2800000
2017-07-12 10:31:03,242 - INFO - Reads parsed so far: 2900000
2017-07-12 10:31:04,903 - INFO - Reads parsed so far: 3000000
2017-07-12 10:31:06,562 - INFO - Reads parsed so far: 3100000
2017-07-12 10:31:08,203 - INFO - Reads parsed so far: 3200000
2017-07-12 10:31:09,944 - INFO - Reads parsed so far: 3300000
2017-07-12 10:31:11,606 - INFO - Reads parsed so far: 3400000
2017-07-12 10:31:13,263 - INFO - Reads parsed so far: 3500000
2017-07-12 10:31:14,940 - INFO - Reads parsed so far: 3600000
2017-07-12 10:31:16,600 - INFO - Reads parsed so far: 3700000
2017-07-12 10:31:18,246 - INFO - Reads parsed so far: 3800000
2017-07-12 10:31:19,881 - INFO - Reads parsed so far: 3900000
2017-07-12 10:31:21,535 - INFO - Reads parsed so far: 4000000
2017-07-12 10:31:23,181 - INFO - Reads parsed so far: 4100000
2017-07-12 10:31:24,825 - INFO - Reads parsed so far: 4200000
2017-07-12 10:31:26,495 - INFO - Reads parsed so far: 4300000
2017-07-12 10:31:28,151 - INFO - Reads parsed so far: 4400000
2017-07-12 10:31:29,850 - INFO - Reads parsed so far: 4500000
2017-07-12 10:31:31,495 - INFO - Reads parsed so far: 4600000
2017-07-12 10:31:33,147 - INFO - Reads parsed so far: 4700000
2017-07-12 10:31:34,785 - INFO - Reads parsed so far: 4800000
2017-07-12 10:31:37,327 - INFO - Reads parsed so far: 4900000
2017-07-12 10:31:38,983 - INFO - Reads parsed so far: 5000000
2017-07-12 10:31:40,640 - INFO - Reads parsed so far: 5100000
2017-07-12 10:31:42,295 - INFO - Reads parsed so far: 5200000
2017-07-12 10:31:43,982 - INFO - Reads parsed so far: 5300000
2017-07-12 10:31:45,637 - INFO - Reads parsed so far: 5400000
2017-07-12 10:31:47,285 - INFO - Reads parsed so far: 5500000
2017-07-12 10:31:48,917 - INFO - Reads parsed so far: 5600000
2017-07-12 10:31:50,561 - INFO - Reads parsed so far: 5700000
2017-07-12 10:31:52,201 - INFO - Reads parsed so far: 5800000
2017-07-12 10:31:53,848 - INFO - Reads parsed so far: 5900000
2017-07-12 10:31:55,506 - INFO - Reads parsed so far: 6000000
2017-07-12 10:31:57,200 - INFO - Reads parsed so far: 6100000
2017-07-12 10:31:58,831 - INFO - Reads parsed so far: 6200000
2017-07-12 10:32:00,466 - INFO - Reads parsed so far: 6300000
2017-07-12 10:32:02,113 - INFO - Reads parsed so far: 6400000
2017-07-12 10:32:03,754 - INFO - Reads parsed so far: 6500000
2017-07-12 10:32:05,393 - INFO - Reads parsed so far: 6600000
2017-07-12 10:32:07,043 - INFO - Reads parsed so far: 6700000
2017-07-12 10:32:08,693 - INFO - Reads parsed so far: 6800000
2017-07-12 10:32:10,347 - INFO - Reads parsed so far: 6900000
2017-07-12 10:32:12,035 - INFO - Reads parsed so far: 7000000
2017-07-12 10:32:13,681 - INFO - Reads parsed so far: 7100000
2017-07-12 10:32:15,327 - INFO - Reads parsed so far: 7200000
2017-07-12 10:32:16,961 - INFO - Reads parsed so far: 7300000
2017-07-12 10:32:18,607 - INFO - Reads parsed so far: 7400000
2017-07-12 10:32:20,322 - INFO - Reads parsed so far: 7500000
2017-07-12 10:32:21,952 - INFO - Reads parsed so far: 7600000
2017-07-12 10:32:23,604 - INFO - Reads parsed so far: 7700000
2017-07-12 10:32:25,288 - INFO - Reads parsed so far: 7800000
2017-07-12 10:32:26,530 - INFO - Finished parsing all 7876212 reads; ended up with 1907840 unique barcodes.

2017-07-12 10:32:26,536 - INFO - Now examining the 1907840 barcodes to see if reads meet criteria for retention
2017-07-12 10:32:30,808 - INFO - Barcodes examined so far: 100000
2017-07-12 10:32:34,962 - INFO - Barcodes examined so far: 200000
2017-07-12 10:32:39,208 - INFO - Barcodes examined so far: 300000
2017-07-12 10:32:43,385 - INFO - Barcodes examined so far: 400000
2017-07-12 10:32:47,570 - INFO - Barcodes examined so far: 500000
2017-07-12 10:32:51,739 - INFO - Barcodes examined so far: 600000
2017-07-12 10:32:55,930 - INFO - Barcodes examined so far: 700000
2017-07-12 10:33:00,138 - INFO - Barcodes examined so far: 800000
2017-07-12 10:33:04,296 - INFO - Barcodes examined so far: 900000
2017-07-12 10:33:08,482 - INFO - Barcodes examined so far: 1000000
2017-07-12 10:33:12,772 - INFO - Barcodes examined so far: 1100000
2017-07-12 10:33:16,953 - INFO - Barcodes examined so far: 1200000
2017-07-12 10:33:21,151 - INFO - Barcodes examined so far: 1300000
2017-07-12 10:33:25,384 - INFO - Barcodes examined so far: 1400000
2017-07-12 10:33:29,711 - INFO - Barcodes examined so far: 1500000
2017-07-12 10:33:34,362 - INFO - Barcodes examined so far: 1600000
2017-07-12 10:33:39,599 - INFO - Barcodes examined so far: 1700000
2017-07-12 10:33:45,513 - INFO - Barcodes examined so far: 1800000
2017-07-12 10:33:54,215 - INFO - Barcodes examined so far: 1900000
2017-07-12 10:33:56,184 - INFO - Finished examining all 1907840 barcodes

2017-07-12 10:33:56,184 - INFO - Writing the codon counts to XBP137_counts.txt
2017-07-12 10:33:56,213 - INFO - Here are the summary statistics (these are also being written to XBP137_summarystats.txt):
	total read pairs = 7876212
	read pairs that fail Illumina filter = 0
	low quality read pairs = 723037
	barcodes randomly purged = 0
	discarded barcodes with 1 reads = 622585
	aligned barcodes with 2 reads = 133355
	discarded barcodes with 2 reads = 3204
	un-alignable barcodes with 2 reads = 21477
	aligned barcodes with 3 reads = 171960
	discarded barcodes with 3 reads = 4515
	un-alignable barcodes with 3 reads = 23092
	aligned barcodes with 4 reads = 205551
	discarded barcodes with 4 reads = 6552
	un-alignable barcodes with 4 reads = 10461
	aligned barcodes with 5 reads = 194922
	discarded barcodes with 5 reads = 7748
	un-alignable barcodes with 5 reads = 10033
	aligned barcodes with 6 reads = 160068
	discarded barcodes with 6 reads = 7394
	un-alignable barcodes with 6 reads = 8058
	aligned barcodes with 7 reads = 116817
	discarded barcodes with 7 reads = 6178
	un-alignable barcodes with 7 reads = 5875
	aligned barcodes with 8 reads = 76034
	discarded barcodes with 8 reads = 4715
	un-alignable barcodes with 8 reads = 3836
	aligned barcodes with 9 reads = 44919
	discarded barcodes with 9 reads = 3106
	un-alignable barcodes with 9 reads = 2237
	aligned barcodes with 10 reads = 24350
	discarded barcodes with 10 reads = 1841
	un-alignable barcodes with 10 reads = 1202
	aligned barcodes with 11 reads = 12414
	discarded barcodes with 11 reads = 1033
	un-alignable barcodes with 11 reads = 626
	aligned barcodes with 12 reads = 5705
	discarded barcodes with 12 reads = 559
	un-alignable barcodes with 12 reads = 315
	aligned barcodes with 13 reads = 2594
	discarded barcodes with 13 reads = 286
	un-alignable barcodes with 13 reads = 113
	aligned barcodes with 14 reads = 1005
	discarded barcodes with 14 reads = 136
	un-alignable barcodes with 14 reads = 45
	aligned barcodes with 15 reads = 464
	discarded barcodes with 15 reads = 53
	un-alignable barcodes with 15 reads = 23
	aligned barcodes with 16 reads = 166
	discarded barcodes with 16 reads = 30
	un-alignable barcodes with 16 reads = 11
	aligned barcodes with 17 reads = 70
	discarded barcodes with 17 reads = 10
	un-alignable barcodes with 17 reads = 4
	aligned barcodes with 18 reads = 32
	discarded barcodes with 18 reads = 11
	un-alignable barcodes with 18 reads = 2
	aligned barcodes with 19 reads = 18
	discarded barcodes with 19 reads = 4
	un-alignable barcodes with 19 reads = 3
	aligned barcodes with 20 reads = 4
	discarded barcodes with 20 reads = 6
	un-alignable barcodes with 20 reads = 1
	aligned barcodes with 21 reads = 5
	discarded barcodes with 21 reads = 2
	discarded barcodes with 22 reads = 3
	aligned barcodes with 23 reads = 2
2017-07-12 10:33:56,213 - INFO - Successful completion of dms_barcodedsubamplicons at Wed Jul 12 10:33:56 2017
