2017-07-12 09:30:12,448 - INFO - Beginning execution of dms_barcodedsubamplicons in directory /Users/angelaphillips/Desktop/HA_GIT/Hemagglutinin_3/replicate-1/DAX39

2017-07-12 09:30:12,449 - INFO - Progress will be logged to DAX39_.log
2017-07-12 09:30:13,031 - INFO - Version information for dms_tools and associated packages.
	Time and date: Wed Jul 12 09:30:12 2017
	Platform: Darwin-15.5.0-x86_64-i386-64bit
	Python version: 2.7.11 |Anaconda 2.3.0 (x86_64)| (default, Dec  6 2015, 18:57:58)  [GCC 4.2.1 (Apple Inc. build 5577)]
	dms_tools version: 1.1.14
	Bio version: 1.66
	numpy version: 1.9.2
	scipy version: 0.15.1
	matplotlib version: 1.4.3
	cython version: 0.22.1
	pystan version: 2.9.0.0
	weblogolib version: 3.4
	PyPDF2 version: 1.26.0

2017-07-12 09:30:13,032 - INFO - Parsed the following arguments:
	minreadconcurrence = 0.75
	maxmuts = 4
	maxlowqfrac = 0.075
	r1files = ['/Users/angelaphillips/Desktop/HA_GIT/Hemagglutinin_3/FASTQ_files//replicate-1/DAX39/DAX39_1.fastq']
	minreadidentity = 0.9
	purgefrac = 0
	R1trimlength = 200
	R1_is_antisense = False
	r2files = ['/Users/angelaphillips/Desktop/HA_GIT/Hemagglutinin_3/FASTQ_files//replicate-1/DAX39/DAX39_2.fastq']
	alignspecs = [(1, 285, 36, 37), (286, 570, 31, 32), (571, 855, 37, 32), (856, 1140, 31, 36), (1141, 1425, 29, 33), (1426, 1698, 40, 43)]
	R2trimlength = 170
	maxreadtrim = 3
	barcodeinfo = False
	chartype = codon
	barcodelength = 8
	minreadsperbarcode = 2
	minq = 15
	outprefix = DAX39_
	refseq = /Users/angelaphillips/Desktop/HA_GIT/Hemagglutinin_3/WSN_HA_reference.fasta
	purgereadfrac = 0
	seed = 1

2017-07-12 09:30:13,035 - INFO - Read a reference sequence of 566 codons from /Users/angelaphillips/Desktop/HA_GIT/Hemagglutinin_3/WSN_HA_reference.fasta

2017-07-12 09:30:13,035 - INFO - Now parsing reads from the following:
	r1files: /Users/angelaphillips/Desktop/HA_GIT/Hemagglutinin_3/FASTQ_files//replicate-1/DAX39/DAX39_1.fastq
	r2files: /Users/angelaphillips/Desktop/HA_GIT/Hemagglutinin_3/FASTQ_files//replicate-1/DAX39/DAX39_2.fastq
2017-07-12 09:30:14,729 - INFO - Reads parsed so far: 100000
2017-07-12 09:30:16,474 - INFO - Reads parsed so far: 200000
2017-07-12 09:30:18,175 - INFO - Reads parsed so far: 300000
2017-07-12 09:30:19,901 - INFO - Reads parsed so far: 400000
2017-07-12 09:30:21,674 - INFO - Reads parsed so far: 500000
2017-07-12 09:30:23,324 - INFO - Reads parsed so far: 600000
2017-07-12 09:30:25,155 - INFO - Reads parsed so far: 700000
2017-07-12 09:30:26,812 - INFO - Reads parsed so far: 800000
2017-07-12 09:30:28,640 - INFO - Reads parsed so far: 900000
2017-07-12 09:30:30,334 - INFO - Reads parsed so far: 1000000
2017-07-12 09:30:32,207 - INFO - Reads parsed so far: 1100000
2017-07-12 09:30:33,858 - INFO - Reads parsed so far: 1200000
2017-07-12 09:30:35,521 - INFO - Reads parsed so far: 1300000
2017-07-12 09:30:37,182 - INFO - Reads parsed so far: 1400000
2017-07-12 09:30:39,191 - INFO - Reads parsed so far: 1500000
2017-07-12 09:30:40,860 - INFO - Reads parsed so far: 1600000
2017-07-12 09:30:42,517 - INFO - Reads parsed so far: 1700000
2017-07-12 09:30:44,173 - INFO - Reads parsed so far: 1800000
2017-07-12 09:30:45,836 - INFO - Reads parsed so far: 1900000
2017-07-12 09:30:47,493 - INFO - Reads parsed so far: 2000000
2017-07-12 09:30:49,601 - INFO - Reads parsed so far: 2100000
2017-07-12 09:30:51,284 - INFO - Reads parsed so far: 2200000
2017-07-12 09:30:52,973 - INFO - Reads parsed so far: 2300000
2017-07-12 09:30:54,735 - INFO - Reads parsed so far: 2400000
2017-07-12 09:30:56,403 - INFO - Reads parsed so far: 2500000
2017-07-12 09:30:58,074 - INFO - Reads parsed so far: 2600000
2017-07-12 09:30:59,741 - INFO - Reads parsed so far: 2700000
2017-07-12 09:31:01,413 - INFO - Reads parsed so far: 2800000
2017-07-12 09:31:03,078 - INFO - Reads parsed so far: 2900000
2017-07-12 09:31:04,761 - INFO - Reads parsed so far: 3000000
2017-07-12 09:31:07,121 - INFO - Reads parsed so far: 3100000
2017-07-12 09:31:08,799 - INFO - Reads parsed so far: 3200000
2017-07-12 09:31:10,466 - INFO - Reads parsed so far: 3300000
2017-07-12 09:31:12,142 - INFO - Reads parsed so far: 3400000
2017-07-12 09:31:13,815 - INFO - Reads parsed so far: 3500000
2017-07-12 09:31:15,480 - INFO - Reads parsed so far: 3600000
2017-07-12 09:31:17,147 - INFO - Reads parsed so far: 3700000
2017-07-12 09:31:18,824 - INFO - Reads parsed so far: 3800000
2017-07-12 09:31:20,493 - INFO - Reads parsed so far: 3900000
2017-07-12 09:31:22,181 - INFO - Reads parsed so far: 4000000
2017-07-12 09:31:23,840 - INFO - Reads parsed so far: 4100000
2017-07-12 09:31:25,498 - INFO - Reads parsed so far: 4200000
2017-07-12 09:31:27,148 - INFO - Reads parsed so far: 4300000
2017-07-12 09:31:28,807 - INFO - Reads parsed so far: 4400000
2017-07-12 09:31:30,469 - INFO - Reads parsed so far: 4500000
2017-07-12 09:31:32,143 - INFO - Reads parsed so far: 4600000
2017-07-12 09:31:33,811 - INFO - Reads parsed so far: 4700000
2017-07-12 09:31:36,502 - INFO - Reads parsed so far: 4800000
2017-07-12 09:31:38,162 - INFO - Reads parsed so far: 4900000
2017-07-12 09:31:39,459 - INFO - Finished parsing all 4978791 reads; ended up with 2104777 unique barcodes.

2017-07-12 09:31:39,465 - INFO - Now examining the 2104777 barcodes to see if reads meet criteria for retention
2017-07-12 09:31:42,980 - INFO - Barcodes examined so far: 100000
2017-07-12 09:31:46,418 - INFO - Barcodes examined so far: 200000
2017-07-12 09:31:49,848 - INFO - Barcodes examined so far: 300000
2017-07-12 09:31:53,221 - INFO - Barcodes examined so far: 400000
2017-07-12 09:31:56,607 - INFO - Barcodes examined so far: 500000
2017-07-12 09:32:00,042 - INFO - Barcodes examined so far: 600000
2017-07-12 09:32:03,484 - INFO - Barcodes examined so far: 700000
2017-07-12 09:32:06,878 - INFO - Barcodes examined so far: 800000
2017-07-12 09:32:10,274 - INFO - Barcodes examined so far: 900000
2017-07-12 09:32:13,680 - INFO - Barcodes examined so far: 1000000
2017-07-12 09:32:17,145 - INFO - Barcodes examined so far: 1100000
2017-07-12 09:32:20,537 - INFO - Barcodes examined so far: 1200000
2017-07-12 09:32:23,923 - INFO - Barcodes examined so far: 1300000
2017-07-12 09:32:27,329 - INFO - Barcodes examined so far: 1400000
2017-07-12 09:32:30,797 - INFO - Barcodes examined so far: 1500000
2017-07-12 09:32:34,222 - INFO - Barcodes examined so far: 1600000
2017-07-12 09:32:37,707 - INFO - Barcodes examined so far: 1700000
2017-07-12 09:32:41,354 - INFO - Barcodes examined so far: 1800000
2017-07-12 09:32:45,253 - INFO - Barcodes examined so far: 1900000
2017-07-12 09:32:49,431 - INFO - Barcodes examined so far: 2000000
2017-07-12 09:32:54,796 - INFO - Barcodes examined so far: 2100000
2017-07-12 09:32:55,794 - INFO - Finished examining all 2104777 barcodes

2017-07-12 09:32:55,794 - INFO - Writing the codon counts to DAX39_counts.txt
2017-07-12 09:32:55,824 - INFO - Here are the summary statistics (these are also being written to DAX39_summarystats.txt):
	total read pairs = 4978791
	read pairs that fail Illumina filter = 0
	low quality read pairs = 452802
	barcodes randomly purged = 0
	discarded barcodes with 1 reads = 911025
	aligned barcodes with 2 reads = 466777
	discarded barcodes with 2 reads = 7718
	un-alignable barcodes with 2 reads = 39694
	aligned barcodes with 3 reads = 302212
	discarded barcodes with 3 reads = 7790
	un-alignable barcodes with 3 reads = 39780
	aligned barcodes with 4 reads = 175068
	discarded barcodes with 4 reads = 5744
	un-alignable barcodes with 4 reads = 9213
	aligned barcodes with 5 reads = 79649
	discarded barcodes with 5 reads = 3346
	un-alignable barcodes with 5 reads = 4271
	aligned barcodes with 6 reads = 31351
	discarded barcodes with 6 reads = 1648
	un-alignable barcodes with 6 reads = 1633
	aligned barcodes with 7 reads = 10935
	discarded barcodes with 7 reads = 658
	un-alignable barcodes with 7 reads = 625
	aligned barcodes with 8 reads = 3489
	discarded barcodes with 8 reads = 245
	un-alignable barcodes with 8 reads = 184
	aligned barcodes with 9 reads = 1090
	discarded barcodes with 9 reads = 106
	un-alignable barcodes with 9 reads = 55
	aligned barcodes with 10 reads = 306
	discarded barcodes with 10 reads = 27
	un-alignable barcodes with 10 reads = 12
	aligned barcodes with 11 reads = 79
	discarded barcodes with 11 reads = 10
	un-alignable barcodes with 11 reads = 1
	aligned barcodes with 12 reads = 22
	discarded barcodes with 12 reads = 1
	aligned barcodes with 13 reads = 7
	discarded barcodes with 13 reads = 2
	aligned barcodes with 14 reads = 2
	discarded barcodes with 14 reads = 2
2017-07-12 09:32:55,825 - INFO - Successful completion of dms_barcodedsubamplicons at Wed Jul 12 09:32:55 2017
