2017-07-12 09:57:12,492 - INFO - Beginning execution of dms_barcodedsubamplicons in directory /Users/angelaphillips/Desktop/HA_GIT/Hemagglutinin_3/replicate-2/XBP137

2017-07-12 09:57:12,492 - INFO - Progress will be logged to XBP137_.log
2017-07-12 09:57:13,074 - INFO - Version information for dms_tools and associated packages.
	Time and date: Wed Jul 12 09:57:12 2017
	Platform: Darwin-15.5.0-x86_64-i386-64bit
	Python version: 2.7.11 |Anaconda 2.3.0 (x86_64)| (default, Dec  6 2015, 18:57:58)  [GCC 4.2.1 (Apple Inc. build 5577)]
	dms_tools version: 1.1.14
	Bio version: 1.66
	numpy version: 1.9.2
	scipy version: 0.15.1
	matplotlib version: 1.4.3
	cython version: 0.22.1
	pystan version: 2.9.0.0
	weblogolib version: 3.4
	PyPDF2 version: 1.26.0

2017-07-12 09:57:13,074 - INFO - Parsed the following arguments:
	minreadconcurrence = 0.75
	maxmuts = 4
	maxlowqfrac = 0.075
	r1files = ['/Users/angelaphillips/Desktop/HA_GIT/Hemagglutinin_3/FASTQ_files//replicate-2/XBP137/XBP137_1.fastq']
	minreadidentity = 0.9
	purgefrac = 0
	R1trimlength = 200
	R1_is_antisense = False
	r2files = ['/Users/angelaphillips/Desktop/HA_GIT/Hemagglutinin_3/FASTQ_files//replicate-2/XBP137/XBP137_2.fastq']
	alignspecs = [(1, 285, 36, 37), (286, 570, 31, 32), (571, 855, 37, 32), (856, 1140, 31, 36), (1141, 1425, 29, 33), (1426, 1698, 40, 43)]
	R2trimlength = 170
	maxreadtrim = 3
	barcodeinfo = False
	chartype = codon
	barcodelength = 8
	minreadsperbarcode = 2
	minq = 15
	outprefix = XBP137_
	refseq = /Users/angelaphillips/Desktop/HA_GIT/Hemagglutinin_3/WSN_HA_reference.fasta
	purgereadfrac = 0
	seed = 1

2017-07-12 09:57:13,077 - INFO - Read a reference sequence of 566 codons from /Users/angelaphillips/Desktop/HA_GIT/Hemagglutinin_3/WSN_HA_reference.fasta

2017-07-12 09:57:13,077 - INFO - Now parsing reads from the following:
	r1files: /Users/angelaphillips/Desktop/HA_GIT/Hemagglutinin_3/FASTQ_files//replicate-2/XBP137/XBP137_1.fastq
	r2files: /Users/angelaphillips/Desktop/HA_GIT/Hemagglutinin_3/FASTQ_files//replicate-2/XBP137/XBP137_2.fastq
2017-07-12 09:57:14,774 - INFO - Reads parsed so far: 100000
2017-07-12 09:57:16,510 - INFO - Reads parsed so far: 200000
2017-07-12 09:57:18,213 - INFO - Reads parsed so far: 300000
2017-07-12 09:57:19,948 - INFO - Reads parsed so far: 400000
2017-07-12 09:57:21,734 - INFO - Reads parsed so far: 500000
2017-07-12 09:57:23,397 - INFO - Reads parsed so far: 600000
2017-07-12 09:57:25,167 - INFO - Reads parsed so far: 700000
2017-07-12 09:57:26,824 - INFO - Reads parsed so far: 800000
2017-07-12 09:57:28,645 - INFO - Reads parsed so far: 900000
2017-07-12 09:57:30,345 - INFO - Reads parsed so far: 1000000
2017-07-12 09:57:32,238 - INFO - Reads parsed so far: 1100000
2017-07-12 09:57:33,892 - INFO - Reads parsed so far: 1200000
2017-07-12 09:57:35,559 - INFO - Reads parsed so far: 1300000
2017-07-12 09:57:37,225 - INFO - Reads parsed so far: 1400000
2017-07-12 09:57:38,880 - INFO - Reads parsed so far: 1500000
2017-07-12 09:57:40,842 - INFO - Reads parsed so far: 1600000
2017-07-12 09:57:42,508 - INFO - Reads parsed so far: 1700000
2017-07-12 09:57:44,188 - INFO - Reads parsed so far: 1800000
2017-07-12 09:57:45,844 - INFO - Reads parsed so far: 1900000
2017-07-12 09:57:47,517 - INFO - Reads parsed so far: 2000000
2017-07-12 09:57:49,180 - INFO - Reads parsed so far: 2100000
2017-07-12 09:57:51,338 - INFO - Reads parsed so far: 2200000
2017-07-12 09:57:53,004 - INFO - Reads parsed so far: 2300000
2017-07-12 09:57:54,753 - INFO - Reads parsed so far: 2400000
2017-07-12 09:57:56,415 - INFO - Reads parsed so far: 2500000
2017-07-12 09:57:58,066 - INFO - Reads parsed so far: 2600000
2017-07-12 09:57:59,719 - INFO - Reads parsed so far: 2700000
2017-07-12 09:58:01,386 - INFO - Reads parsed so far: 2800000
2017-07-12 09:58:03,051 - INFO - Reads parsed so far: 2900000
2017-07-12 09:58:04,752 - INFO - Reads parsed so far: 3000000
2017-07-12 09:58:06,407 - INFO - Reads parsed so far: 3100000
2017-07-12 09:58:08,771 - INFO - Reads parsed so far: 3200000
2017-07-12 09:58:10,452 - INFO - Reads parsed so far: 3300000
2017-07-12 09:58:12,109 - INFO - Reads parsed so far: 3400000
2017-07-12 09:58:13,766 - INFO - Reads parsed so far: 3500000
2017-07-12 09:58:15,446 - INFO - Reads parsed so far: 3600000
2017-07-12 09:58:17,135 - INFO - Reads parsed so far: 3700000
2017-07-12 09:58:18,847 - INFO - Reads parsed so far: 3800000
2017-07-12 09:58:20,500 - INFO - Reads parsed so far: 3900000
2017-07-12 09:58:22,144 - INFO - Reads parsed so far: 4000000
2017-07-12 09:58:23,802 - INFO - Reads parsed so far: 4100000
2017-07-12 09:58:25,451 - INFO - Reads parsed so far: 4200000
2017-07-12 09:58:27,110 - INFO - Reads parsed so far: 4300000
2017-07-12 09:58:28,757 - INFO - Reads parsed so far: 4400000
2017-07-12 09:58:30,407 - INFO - Reads parsed so far: 4500000
2017-07-12 09:58:32,105 - INFO - Reads parsed so far: 4600000
2017-07-12 09:58:33,751 - INFO - Reads parsed so far: 4700000
2017-07-12 09:58:35,398 - INFO - Reads parsed so far: 4800000
2017-07-12 09:58:37,029 - INFO - Reads parsed so far: 4900000
2017-07-12 09:58:38,679 - INFO - Reads parsed so far: 5000000
2017-07-12 09:58:40,320 - INFO - Reads parsed so far: 5100000
2017-07-12 09:58:41,958 - INFO - Reads parsed so far: 5200000
2017-07-12 09:58:43,605 - INFO - Reads parsed so far: 5300000
2017-07-12 09:58:46,328 - INFO - Reads parsed so far: 5400000
2017-07-12 09:58:47,980 - INFO - Reads parsed so far: 5500000
2017-07-12 09:58:49,658 - INFO - Reads parsed so far: 5600000
2017-07-12 09:58:49,768 - INFO - Finished parsing all 5606875 reads; ended up with 2105535 unique barcodes.

2017-07-12 09:58:49,774 - INFO - Now examining the 2105535 barcodes to see if reads meet criteria for retention
2017-07-12 09:58:53,634 - INFO - Barcodes examined so far: 100000
2017-07-12 09:58:57,395 - INFO - Barcodes examined so far: 200000
2017-07-12 09:59:01,181 - INFO - Barcodes examined so far: 300000
2017-07-12 09:59:04,937 - INFO - Barcodes examined so far: 400000
2017-07-12 09:59:08,743 - INFO - Barcodes examined so far: 500000
2017-07-12 09:59:12,566 - INFO - Barcodes examined so far: 600000
2017-07-12 09:59:16,335 - INFO - Barcodes examined so far: 700000
2017-07-12 09:59:20,086 - INFO - Barcodes examined so far: 800000
2017-07-12 09:59:23,841 - INFO - Barcodes examined so far: 900000
2017-07-12 09:59:27,583 - INFO - Barcodes examined so far: 1000000
2017-07-12 09:59:31,381 - INFO - Barcodes examined so far: 1100000
2017-07-12 09:59:35,182 - INFO - Barcodes examined so far: 1200000
2017-07-12 09:59:38,945 - INFO - Barcodes examined so far: 1300000
2017-07-12 09:59:42,715 - INFO - Barcodes examined so far: 1400000
2017-07-12 09:59:46,526 - INFO - Barcodes examined so far: 1500000
2017-07-12 09:59:50,311 - INFO - Barcodes examined so far: 1600000
2017-07-12 09:59:54,177 - INFO - Barcodes examined so far: 1700000
2017-07-12 09:59:58,284 - INFO - Barcodes examined so far: 1800000
2017-07-12 10:00:02,676 - INFO - Barcodes examined so far: 1900000
2017-07-12 10:00:07,449 - INFO - Barcodes examined so far: 2000000
2017-07-12 10:00:13,676 - INFO - Barcodes examined so far: 2100000
2017-07-12 10:00:14,870 - INFO - Finished examining all 2105535 barcodes

2017-07-12 10:00:14,870 - INFO - Writing the codon counts to XBP137_counts.txt
2017-07-12 10:00:14,899 - INFO - Here are the summary statistics (these are also being written to XBP137_summarystats.txt):
	total read pairs = 5606875
	read pairs that fail Illumina filter = 0
	low quality read pairs = 480932
	barcodes randomly purged = 0
	discarded barcodes with 1 reads = 770797
	aligned barcodes with 2 reads = 440376
	discarded barcodes with 2 reads = 7234
	un-alignable barcodes with 2 reads = 36580
	aligned barcodes with 3 reads = 334509
	discarded barcodes with 3 reads = 8928
	un-alignable barcodes with 3 reads = 42175
	aligned barcodes with 4 reads = 224266
	discarded barcodes with 4 reads = 7351
	un-alignable barcodes with 4 reads = 11240
	aligned barcodes with 5 reads = 117333
	discarded barcodes with 5 reads = 4762
	un-alignable barcodes with 5 reads = 5925
	aligned barcodes with 6 reads = 52858
	discarded barcodes with 6 reads = 2672
	un-alignable barcodes with 6 reads = 2737
	aligned barcodes with 7 reads = 21133
	discarded barcodes with 7 reads = 1231
	un-alignable barcodes with 7 reads = 1046
	aligned barcodes with 8 reads = 7417
	discarded barcodes with 8 reads = 554
	un-alignable barcodes with 8 reads = 338
	aligned barcodes with 9 reads = 2485
	discarded barcodes with 9 reads = 192
	un-alignable barcodes with 9 reads = 136
	aligned barcodes with 10 reads = 778
	discarded barcodes with 10 reads = 65
	un-alignable barcodes with 10 reads = 38
	aligned barcodes with 11 reads = 233
	discarded barcodes with 11 reads = 24
	un-alignable barcodes with 11 reads = 10
	aligned barcodes with 12 reads = 63
	discarded barcodes with 12 reads = 14
	un-alignable barcodes with 12 reads = 2
	aligned barcodes with 13 reads = 17
	discarded barcodes with 13 reads = 2
	aligned barcodes with 14 reads = 10
	discarded barcodes with 14 reads = 2
	discarded barcodes with 15 reads = 1
	aligned barcodes with 16 reads = 1
2017-07-12 10:00:14,899 - INFO - Successful completion of dms_barcodedsubamplicons at Wed Jul 12 10:00:14 2017
