2017-07-12 10:40:12,699 - INFO - Beginning execution of dms_barcodedsubamplicons in directory /Users/angelaphillips/Desktop/HA_GIT/Hemagglutinin_3/replicate-3/DAX39

2017-07-12 10:40:12,699 - INFO - Progress will be logged to DAX39_.log
2017-07-12 10:40:13,394 - INFO - Version information for dms_tools and associated packages.
	Time and date: Wed Jul 12 10:40:12 2017
	Platform: Darwin-15.5.0-x86_64-i386-64bit
	Python version: 2.7.11 |Anaconda 2.3.0 (x86_64)| (default, Dec  6 2015, 18:57:58)  [GCC 4.2.1 (Apple Inc. build 5577)]
	dms_tools version: 1.1.14
	Bio version: 1.66
	numpy version: 1.9.2
	scipy version: 0.15.1
	matplotlib version: 1.4.3
	cython version: 0.22.1
	pystan version: 2.9.0.0
	weblogolib version: 3.4
	PyPDF2 version: 1.26.0

2017-07-12 10:40:13,394 - INFO - Parsed the following arguments:
	minreadconcurrence = 0.75
	maxmuts = 4
	maxlowqfrac = 0.075
	r1files = ['/Users/angelaphillips/Desktop/HA_GIT/Hemagglutinin_3/FASTQ_files//replicate-3/DAX39/DAX39_1.fastq']
	minreadidentity = 0.9
	purgefrac = 0
	R1trimlength = 200
	R1_is_antisense = False
	r2files = ['/Users/angelaphillips/Desktop/HA_GIT/Hemagglutinin_3/FASTQ_files//replicate-3/DAX39/DAX39_2.fastq']
	alignspecs = [(1, 285, 36, 37), (286, 570, 31, 32), (571, 855, 37, 32), (856, 1140, 31, 36), (1141, 1425, 29, 33), (1426, 1698, 40, 43)]
	R2trimlength = 170
	maxreadtrim = 3
	barcodeinfo = False
	chartype = codon
	barcodelength = 8
	minreadsperbarcode = 2
	minq = 15
	outprefix = DAX39_
	refseq = /Users/angelaphillips/Desktop/HA_GIT/Hemagglutinin_3/WSN_HA_reference.fasta
	purgereadfrac = 0
	seed = 1

2017-07-12 10:40:13,401 - INFO - Read a reference sequence of 566 codons from /Users/angelaphillips/Desktop/HA_GIT/Hemagglutinin_3/WSN_HA_reference.fasta

2017-07-12 10:40:13,401 - INFO - Now parsing reads from the following:
	r1files: /Users/angelaphillips/Desktop/HA_GIT/Hemagglutinin_3/FASTQ_files//replicate-3/DAX39/DAX39_1.fastq
	r2files: /Users/angelaphillips/Desktop/HA_GIT/Hemagglutinin_3/FASTQ_files//replicate-3/DAX39/DAX39_2.fastq
2017-07-12 10:40:15,084 - INFO - Reads parsed so far: 100000
2017-07-12 10:40:16,798 - INFO - Reads parsed so far: 200000
2017-07-12 10:40:18,505 - INFO - Reads parsed so far: 300000
2017-07-12 10:40:20,214 - INFO - Reads parsed so far: 400000
2017-07-12 10:40:21,976 - INFO - Reads parsed so far: 500000
2017-07-12 10:40:23,652 - INFO - Reads parsed so far: 600000
2017-07-12 10:40:25,456 - INFO - Reads parsed so far: 700000
2017-07-12 10:40:27,146 - INFO - Reads parsed so far: 800000
2017-07-12 10:40:28,973 - INFO - Reads parsed so far: 900000
2017-07-12 10:40:30,674 - INFO - Reads parsed so far: 1000000
2017-07-12 10:40:32,347 - INFO - Reads parsed so far: 1100000
2017-07-12 10:40:34,259 - INFO - Reads parsed so far: 1200000
2017-07-12 10:40:35,929 - INFO - Reads parsed so far: 1300000
2017-07-12 10:40:37,596 - INFO - Reads parsed so far: 1400000
2017-07-12 10:40:39,240 - INFO - Reads parsed so far: 1500000
2017-07-12 10:40:41,237 - INFO - Reads parsed so far: 1600000
2017-07-12 10:40:42,875 - INFO - Reads parsed so far: 1700000
2017-07-12 10:40:44,524 - INFO - Reads parsed so far: 1800000
2017-07-12 10:40:46,174 - INFO - Reads parsed so far: 1900000
2017-07-12 10:40:47,827 - INFO - Reads parsed so far: 2000000
2017-07-12 10:40:49,473 - INFO - Reads parsed so far: 2100000
2017-07-12 10:40:51,139 - INFO - Reads parsed so far: 2200000
2017-07-12 10:40:53,238 - INFO - Reads parsed so far: 2300000
2017-07-12 10:40:54,917 - INFO - Reads parsed so far: 2400000
2017-07-12 10:40:56,640 - INFO - Reads parsed so far: 2500000
2017-07-12 10:40:58,295 - INFO - Reads parsed so far: 2600000
2017-07-12 10:40:59,937 - INFO - Reads parsed so far: 2700000
2017-07-12 10:41:01,590 - INFO - Reads parsed so far: 2800000
2017-07-12 10:41:03,243 - INFO - Reads parsed so far: 2900000
2017-07-12 10:41:04,901 - INFO - Reads parsed so far: 3000000
2017-07-12 10:41:06,549 - INFO - Reads parsed so far: 3100000
2017-07-12 10:41:08,231 - INFO - Reads parsed so far: 3200000
2017-07-12 10:41:09,872 - INFO - Reads parsed so far: 3300000
2017-07-12 10:41:12,204 - INFO - Reads parsed so far: 3400000
2017-07-12 10:41:13,846 - INFO - Reads parsed so far: 3500000
2017-07-12 10:41:15,486 - INFO - Reads parsed so far: 3600000
2017-07-12 10:41:17,126 - INFO - Reads parsed so far: 3700000
2017-07-12 10:41:18,778 - INFO - Reads parsed so far: 3800000
2017-07-12 10:41:20,440 - INFO - Reads parsed so far: 3900000
2017-07-12 10:41:22,111 - INFO - Reads parsed so far: 4000000
2017-07-12 10:41:23,750 - INFO - Reads parsed so far: 4100000
2017-07-12 10:41:25,393 - INFO - Reads parsed so far: 4200000
2017-07-12 10:41:27,036 - INFO - Reads parsed so far: 4300000
2017-07-12 10:41:28,673 - INFO - Reads parsed so far: 4400000
2017-07-12 10:41:30,330 - INFO - Reads parsed so far: 4500000
2017-07-12 10:41:31,978 - INFO - Reads parsed so far: 4600000
2017-07-12 10:41:33,630 - INFO - Reads parsed so far: 4700000
2017-07-12 10:41:35,285 - INFO - Reads parsed so far: 4800000
2017-07-12 10:41:36,943 - INFO - Reads parsed so far: 4900000
2017-07-12 10:41:38,581 - INFO - Reads parsed so far: 5000000
2017-07-12 10:41:39,708 - INFO - Finished parsing all 5069863 reads; ended up with 1987310 unique barcodes.

2017-07-12 10:41:39,714 - INFO - Now examining the 1987310 barcodes to see if reads meet criteria for retention
2017-07-12 10:41:43,316 - INFO - Barcodes examined so far: 100000
2017-07-12 10:41:46,832 - INFO - Barcodes examined so far: 200000
2017-07-12 10:41:50,369 - INFO - Barcodes examined so far: 300000
2017-07-12 10:41:53,854 - INFO - Barcodes examined so far: 400000
2017-07-12 10:41:57,333 - INFO - Barcodes examined so far: 500000
2017-07-12 10:42:00,869 - INFO - Barcodes examined so far: 600000
2017-07-12 10:42:04,418 - INFO - Barcodes examined so far: 700000
2017-07-12 10:42:07,935 - INFO - Barcodes examined so far: 800000
2017-07-12 10:42:11,422 - INFO - Barcodes examined so far: 900000
2017-07-12 10:42:14,944 - INFO - Barcodes examined so far: 1000000
2017-07-12 10:42:18,508 - INFO - Barcodes examined so far: 1100000
2017-07-12 10:42:22,012 - INFO - Barcodes examined so far: 1200000
2017-07-12 10:42:25,527 - INFO - Barcodes examined so far: 1300000
2017-07-12 10:42:29,018 - INFO - Barcodes examined so far: 1400000
2017-07-12 10:42:32,577 - INFO - Barcodes examined so far: 1500000
2017-07-12 10:42:36,138 - INFO - Barcodes examined so far: 1600000
2017-07-12 10:42:39,877 - INFO - Barcodes examined so far: 1700000
2017-07-12 10:42:43,873 - INFO - Barcodes examined so far: 1800000
2017-07-12 10:42:48,268 - INFO - Barcodes examined so far: 1900000
2017-07-12 10:42:53,880 - INFO - Finished examining all 1987310 barcodes

2017-07-12 10:42:53,880 - INFO - Writing the codon counts to DAX39_counts.txt
2017-07-12 10:42:53,909 - INFO - Here are the summary statistics (these are also being written to DAX39_summarystats.txt):
	total read pairs = 5069863
	read pairs that fail Illumina filter = 0
	low quality read pairs = 487236
	barcodes randomly purged = 0
	discarded barcodes with 1 reads = 810387
	aligned barcodes with 2 reads = 404514
	discarded barcodes with 2 reads = 7014
	un-alignable barcodes with 2 reads = 36314
	aligned barcodes with 3 reads = 293439
	discarded barcodes with 3 reads = 7842
	un-alignable barcodes with 3 reads = 38970
	aligned barcodes with 4 reads = 190767
	discarded barcodes with 4 reads = 6421
	un-alignable barcodes with 4 reads = 9872
	aligned barcodes with 5 reads = 96946
	discarded barcodes with 5 reads = 4089
	un-alignable barcodes with 5 reads = 5143
	aligned barcodes with 6 reads = 42682
	discarded barcodes with 6 reads = 2155
	un-alignable barcodes with 6 reads = 2285
	aligned barcodes with 7 reads = 16516
	discarded barcodes with 7 reads = 1023
	un-alignable barcodes with 7 reads = 900
	aligned barcodes with 8 reads = 5982
	discarded barcodes with 8 reads = 472
	un-alignable barcodes with 8 reads = 333
	aligned barcodes with 9 reads = 1908
	discarded barcodes with 9 reads = 215
	un-alignable barcodes with 9 reads = 114
	aligned barcodes with 10 reads = 648
	discarded barcodes with 10 reads = 60
	un-alignable barcodes with 10 reads = 30
	aligned barcodes with 11 reads = 153
	discarded barcodes with 11 reads = 27
	un-alignable barcodes with 11 reads = 10
	aligned barcodes with 12 reads = 50
	discarded barcodes with 12 reads = 10
	un-alignable barcodes with 12 reads = 5
	aligned barcodes with 13 reads = 3
	discarded barcodes with 13 reads = 4
	un-alignable barcodes with 13 reads = 1
	aligned barcodes with 14 reads = 3
	discarded barcodes with 14 reads = 2
	aligned barcodes with 15 reads = 1
2017-07-12 10:42:53,909 - INFO - Successful completion of dms_barcodedsubamplicons at Wed Jul 12 10:42:53 2017
