2017-07-12 09:16:12,434 - INFO - Beginning execution of dms_barcodedsubamplicons in directory /Users/angelaphillips/Desktop/HA_GIT/Hemagglutinin_3/replicate-1/XBP137

2017-07-12 09:16:12,434 - INFO - Progress will be logged to XBP137_.log
2017-07-12 09:16:13,008 - INFO - Version information for dms_tools and associated packages.
	Time and date: Wed Jul 12 09:16:12 2017
	Platform: Darwin-15.5.0-x86_64-i386-64bit
	Python version: 2.7.11 |Anaconda 2.3.0 (x86_64)| (default, Dec  6 2015, 18:57:58)  [GCC 4.2.1 (Apple Inc. build 5577)]
	dms_tools version: 1.1.14
	Bio version: 1.66
	numpy version: 1.9.2
	scipy version: 0.15.1
	matplotlib version: 1.4.3
	cython version: 0.22.1
	pystan version: 2.9.0.0
	weblogolib version: 3.4
	PyPDF2 version: 1.26.0

2017-07-12 09:16:13,008 - INFO - Parsed the following arguments:
	minreadconcurrence = 0.75
	maxmuts = 4
	maxlowqfrac = 0.075
	r1files = ['/Users/angelaphillips/Desktop/HA_GIT/Hemagglutinin_3/FASTQ_files//replicate-1/XBP137/XBP137_1.fastq']
	minreadidentity = 0.9
	purgefrac = 0
	R1trimlength = 200
	R1_is_antisense = False
	r2files = ['/Users/angelaphillips/Desktop/HA_GIT/Hemagglutinin_3/FASTQ_files//replicate-1/XBP137/XBP137_2.fastq']
	alignspecs = [(1, 285, 36, 37), (286, 570, 31, 32), (571, 855, 37, 32), (856, 1140, 31, 36), (1141, 1425, 29, 33), (1426, 1698, 40, 43)]
	R2trimlength = 170
	maxreadtrim = 3
	barcodeinfo = False
	chartype = codon
	barcodelength = 8
	minreadsperbarcode = 2
	minq = 15
	outprefix = XBP137_
	refseq = /Users/angelaphillips/Desktop/HA_GIT/Hemagglutinin_3/WSN_HA_reference.fasta
	purgereadfrac = 0
	seed = 1

2017-07-12 09:16:13,011 - INFO - Read a reference sequence of 566 codons from /Users/angelaphillips/Desktop/HA_GIT/Hemagglutinin_3/WSN_HA_reference.fasta

2017-07-12 09:16:13,011 - INFO - Now parsing reads from the following:
	r1files: /Users/angelaphillips/Desktop/HA_GIT/Hemagglutinin_3/FASTQ_files//replicate-1/XBP137/XBP137_1.fastq
	r2files: /Users/angelaphillips/Desktop/HA_GIT/Hemagglutinin_3/FASTQ_files//replicate-1/XBP137/XBP137_2.fastq
2017-07-12 09:16:14,711 - INFO - Reads parsed so far: 100000
2017-07-12 09:16:16,454 - INFO - Reads parsed so far: 200000
2017-07-12 09:16:18,161 - INFO - Reads parsed so far: 300000
2017-07-12 09:16:19,925 - INFO - Reads parsed so far: 400000
2017-07-12 09:16:21,710 - INFO - Reads parsed so far: 500000
2017-07-12 09:16:23,360 - INFO - Reads parsed so far: 600000
2017-07-12 09:16:25,133 - INFO - Reads parsed so far: 700000
2017-07-12 09:16:26,789 - INFO - Reads parsed so far: 800000
2017-07-12 09:16:28,607 - INFO - Reads parsed so far: 900000
2017-07-12 09:16:30,306 - INFO - Reads parsed so far: 1000000
2017-07-12 09:16:32,206 - INFO - Reads parsed so far: 1100000
2017-07-12 09:16:33,876 - INFO - Reads parsed so far: 1200000
2017-07-12 09:16:35,548 - INFO - Reads parsed so far: 1300000
2017-07-12 09:16:37,210 - INFO - Reads parsed so far: 1400000
2017-07-12 09:16:39,171 - INFO - Reads parsed so far: 1500000
2017-07-12 09:16:40,827 - INFO - Reads parsed so far: 1600000
2017-07-12 09:16:42,493 - INFO - Reads parsed so far: 1700000
2017-07-12 09:16:44,159 - INFO - Reads parsed so far: 1800000
2017-07-12 09:16:45,841 - INFO - Reads parsed so far: 1900000
2017-07-12 09:16:47,505 - INFO - Reads parsed so far: 2000000
2017-07-12 09:16:49,642 - INFO - Reads parsed so far: 2100000
2017-07-12 09:16:51,294 - INFO - Reads parsed so far: 2200000
2017-07-12 09:16:52,954 - INFO - Reads parsed so far: 2300000
2017-07-12 09:16:54,700 - INFO - Reads parsed so far: 2400000
2017-07-12 09:16:56,344 - INFO - Reads parsed so far: 2500000
2017-07-12 09:16:58,040 - INFO - Reads parsed so far: 2600000
2017-07-12 09:16:59,716 - INFO - Reads parsed so far: 2700000
2017-07-12 09:17:01,387 - INFO - Reads parsed so far: 2800000
2017-07-12 09:17:03,082 - INFO - Reads parsed so far: 2900000
2017-07-12 09:17:04,737 - INFO - Reads parsed so far: 3000000
2017-07-12 09:17:07,062 - INFO - Reads parsed so far: 3100000
2017-07-12 09:17:08,718 - INFO - Reads parsed so far: 3200000
2017-07-12 09:17:10,367 - INFO - Reads parsed so far: 3300000
2017-07-12 09:17:12,025 - INFO - Reads parsed so far: 3400000
2017-07-12 09:17:13,692 - INFO - Reads parsed so far: 3500000
2017-07-12 09:17:15,365 - INFO - Reads parsed so far: 3600000
2017-07-12 09:17:17,061 - INFO - Reads parsed so far: 3700000
2017-07-12 09:17:18,706 - INFO - Reads parsed so far: 3800000
2017-07-12 09:17:20,362 - INFO - Reads parsed so far: 3900000
2017-07-12 09:17:22,016 - INFO - Reads parsed so far: 4000000
2017-07-12 09:17:23,672 - INFO - Reads parsed so far: 4100000
2017-07-12 09:17:25,315 - INFO - Reads parsed so far: 4200000
2017-07-12 09:17:26,976 - INFO - Reads parsed so far: 4300000
2017-07-12 09:17:28,639 - INFO - Reads parsed so far: 4400000
2017-07-12 09:17:30,334 - INFO - Reads parsed so far: 4500000
2017-07-12 09:17:31,992 - INFO - Reads parsed so far: 4600000
2017-07-12 09:17:33,630 - INFO - Reads parsed so far: 4700000
2017-07-12 09:17:35,289 - INFO - Reads parsed so far: 4800000
2017-07-12 09:17:36,941 - INFO - Reads parsed so far: 4900000
2017-07-12 09:17:39,637 - INFO - Reads parsed so far: 5000000
2017-07-12 09:17:41,306 - INFO - Reads parsed so far: 5100000
2017-07-12 09:17:42,947 - INFO - Reads parsed so far: 5200000
2017-07-12 09:17:44,641 - INFO - Reads parsed so far: 5300000
2017-07-12 09:17:45,710 - INFO - Finished parsing all 5364978 reads; ended up with 2143849 unique barcodes.

2017-07-12 09:17:45,716 - INFO - Now examining the 2143849 barcodes to see if reads meet criteria for retention
2017-07-12 09:17:49,446 - INFO - Barcodes examined so far: 100000
2017-07-12 09:17:53,059 - INFO - Barcodes examined so far: 200000
2017-07-12 09:17:56,668 - INFO - Barcodes examined so far: 300000
2017-07-12 09:18:00,315 - INFO - Barcodes examined so far: 400000
2017-07-12 09:18:03,950 - INFO - Barcodes examined so far: 500000
2017-07-12 09:18:07,579 - INFO - Barcodes examined so far: 600000
2017-07-12 09:18:11,239 - INFO - Barcodes examined so far: 700000
2017-07-12 09:18:14,877 - INFO - Barcodes examined so far: 800000
2017-07-12 09:18:18,513 - INFO - Barcodes examined so far: 900000
2017-07-12 09:18:22,151 - INFO - Barcodes examined so far: 1000000
2017-07-12 09:18:25,802 - INFO - Barcodes examined so far: 1100000
2017-07-12 09:18:29,457 - INFO - Barcodes examined so far: 1200000
2017-07-12 09:18:33,091 - INFO - Barcodes examined so far: 1300000
2017-07-12 09:18:36,735 - INFO - Barcodes examined so far: 1400000
2017-07-12 09:18:40,384 - INFO - Barcodes examined so far: 1500000
2017-07-12 09:18:44,020 - INFO - Barcodes examined so far: 1600000
2017-07-12 09:18:47,709 - INFO - Barcodes examined so far: 1700000
2017-07-12 09:18:51,621 - INFO - Barcodes examined so far: 1800000
2017-07-12 09:18:55,837 - INFO - Barcodes examined so far: 1900000
2017-07-12 09:19:00,214 - INFO - Barcodes examined so far: 2000000
2017-07-12 09:19:05,258 - INFO - Barcodes examined so far: 2100000
2017-07-12 09:19:09,124 - INFO - Finished examining all 2143849 barcodes

2017-07-12 09:19:09,124 - INFO - Writing the codon counts to XBP137_counts.txt
2017-07-12 09:19:09,153 - INFO - Here are the summary statistics (these are also being written to XBP137_summarystats.txt):
	total read pairs = 5364978
	read pairs that fail Illumina filter = 0
	low quality read pairs = 446412
	barcodes randomly purged = 0
	discarded barcodes with 1 reads = 852336
	aligned barcodes with 2 reads = 462891
	discarded barcodes with 2 reads = 7492
	un-alignable barcodes with 2 reads = 38616
	aligned barcodes with 3 reads = 327846
	discarded barcodes with 3 reads = 8524
	un-alignable barcodes with 3 reads = 40505
	aligned barcodes with 4 reads = 205609
	discarded barcodes with 4 reads = 6742
	un-alignable barcodes with 4 reads = 10325
	aligned barcodes with 5 reads = 100598
	discarded barcodes with 5 reads = 4158
	un-alignable barcodes with 5 reads = 5005
	aligned barcodes with 6 reads = 42488
	discarded barcodes with 6 reads = 2131
	un-alignable barcodes with 6 reads = 2132
	aligned barcodes with 7 reads = 15972
	discarded barcodes with 7 reads = 952
	un-alignable barcodes with 7 reads = 788
	aligned barcodes with 8 reads = 5431
	discarded barcodes with 8 reads = 401
	un-alignable barcodes with 8 reads = 273
	aligned barcodes with 9 reads = 1638
	discarded barcodes with 9 reads = 154
	un-alignable barcodes with 9 reads = 78
	aligned barcodes with 10 reads = 466
	discarded barcodes with 10 reads = 57
	un-alignable barcodes with 10 reads = 27
	aligned barcodes with 11 reads = 126
	discarded barcodes with 11 reads = 26
	un-alignable barcodes with 11 reads = 3
	aligned barcodes with 12 reads = 35
	discarded barcodes with 12 reads = 6
	un-alignable barcodes with 12 reads = 1
	aligned barcodes with 13 reads = 9
	discarded barcodes with 13 reads = 2
	aligned barcodes with 14 reads = 3
	discarded barcodes with 14 reads = 1
	aligned barcodes with 15 reads = 2
2017-07-12 09:19:09,153 - INFO - Successful completion of dms_barcodedsubamplicons at Wed Jul 12 09:19:09 2017
